TN:
SF:src/server.js
FN:33,(anonymous_0)
FN:37,(anonymous_1)
FN:43,(anonymous_2)
FN:53,(anonymous_3)
FNF:4
FNH:1
FNDA:0,(anonymous_0)
FNDA:0,(anonymous_1)
FNDA:4,(anonymous_2)
FNDA:0,(anonymous_3)
DA:12,2
DA:13,2
DA:15,2
DA:16,2
DA:17,2
DA:20,2
DA:21,2
DA:23,0
DA:24,0
DA:27,2
DA:28,2
DA:29,2
DA:30,2
DA:31,2
DA:32,2
DA:33,2
DA:34,0
DA:37,2
DA:38,0
DA:39,0
DA:40,0
DA:43,2
DA:44,4
DA:45,0
DA:46,0
DA:47,0
DA:49,4
DA:52,2
DA:53,0
DA:55,2
DA:56,0
LF:31
LH:20
BRDA:13,0,0,2
BRDA:13,0,1,0
BRDA:17,1,0,0
BRDA:17,1,1,2
BRDA:44,2,0,0
BRDA:44,2,1,4
BRDA:52,3,0,0
BRDA:52,3,1,2
BRDA:55,4,0,0
BRDA:55,4,1,2
BRF:10
BRH:5
end_of_record
TN:
SF:src/config/db.js
FNF:0
FNH:0
DA:4,2
DA:7,2
LF:2
LH:2
BRF:0
BRH:0
end_of_record
TN:
SF:src/controllers/authController.js
FN:3,signUpHandler
FN:9,logInHandler
FNF:2
FNH:2
FNDA:2,signUpHandler
FNDA:3,logInHandler
DA:4,2
DA:5,2
DA:6,1
DA:10,3
DA:11,3
DA:12,2
LF:6
LH:6
BRF:0
BRH:0
end_of_record
TN:
SF:src/controllers/authorController.js
FN:2,deleteAuthorController
FN:7,updateAuthorHandler
FN:13,createAuthorHandler
FN:18,getAllAuthorsHandler
FN:22,getAuthorByIdHandler
FN:27,getAuthorBooksHandler
FNF:6
FNH:4
FNDA:0,deleteAuthorController
FNDA:2,updateAuthorHandler
FNDA:0,createAuthorHandler
FNDA:1,getAllAuthorsHandler
FNDA:2,getAuthorByIdHandler
FNDA:1,getAuthorBooksHandler
DA:3,0
DA:4,0
DA:5,0
DA:8,2
DA:9,2
DA:10,2
DA:11,1
DA:14,0
DA:15,0
DA:16,0
DA:19,1
DA:20,1
DA:23,2
DA:24,2
DA:25,1
DA:28,1
DA:29,1
DA:30,1
LF:18
LH:12
BRF:0
BRH:0
end_of_record
TN:
SF:src/controllers/bookController.js
FN:3,getAllBookHandler
FN:8,getBookByIdHandler
FN:14,createBookHandler
FN:26,updateBookHandler
FN:38,deleteBookHandler
FN:43,getBookReviewsHandler
FNF:6
FNH:0
FNDA:0,getAllBookHandler
FNDA:0,getBookByIdHandler
FNDA:0,createBookHandler
FNDA:0,updateBookHandler
FNDA:0,deleteBookHandler
FNDA:0,getBookReviewsHandler
DA:4,0
DA:5,0
DA:9,0
DA:10,0
DA:11,0
DA:15,0
DA:16,0
DA:23,0
DA:24,0
DA:27,0
DA:28,0
DA:30,0
DA:36,0
DA:39,0
DA:40,0
DA:41,0
DA:44,0
DA:45,0
DA:46,0
LF:19
LH:0
BRF:0
BRH:0
end_of_record
TN:
SF:src/controllers/reviewController.js
FN:2,getAllReviewHandler
FN:6,getReviewByIdHandler
FN:11,createReviewHandler
FN:22,updateReviewHandler
FN:32,deleteReviewHandler
FNF:5
FNH:0
FNDA:0,getAllReviewHandler
FNDA:0,getReviewByIdHandler
FNDA:0,createReviewHandler
FNDA:0,updateReviewHandler
FNDA:0,deleteReviewHandler
DA:3,0
DA:4,0
DA:7,0
DA:8,0
DA:9,0
DA:12,0
DA:13,0
DA:14,0
DA:20,0
DA:23,0
DA:24,0
DA:25,0
DA:30,0
DA:33,0
DA:34,0
DA:35,0
LF:16
LH:0
BRF:0
BRH:0
end_of_record
TN:
SF:src/controllers/userController.js
FN:4,getUserHandler
FN:9,getUserByIdHandler
FN:14,updateUserHandler
FN:23,getAllUsersHandler
FN:27,updateUserRoleHandler
FN:33,deleteUserHandler
FNF:6
FNH:0
FNDA:0,getUserHandler
FNDA:0,getUserByIdHandler
FNDA:0,updateUserHandler
FNDA:0,getAllUsersHandler
FNDA:0,updateUserRoleHandler
FNDA:0,deleteUserHandler
DA:5,0
DA:6,0
DA:7,0
DA:10,0
DA:11,0
DA:12,0
DA:15,0
DA:16,0
DA:17,0
DA:19,0
DA:20,0
DA:21,0
DA:24,0
DA:25,0
DA:28,0
DA:29,0
DA:30,0
DA:31,0
DA:34,0
DA:35,0
DA:36,0
LF:21
LH:0
BRDA:16,0,0,0
BRDA:16,0,1,0
BRF:2
BRH:0
end_of_record
TN:
SF:src/generated/prisma/client.js
FNF:0
FNH:0
DA:5,2
LF:1
LH:1
BRF:0
BRH:0
end_of_record
TN:
SF:src/generated/prisma/index.js
FN:164,(anonymous_0)
FN:165,(anonymous_1)
FNF:2
FNH:2
FNDA:2,(anonymous_0)
FNDA:2,(anonymous_1)
DA:6,2
DA:33,2
DA:36,2
DA:38,2
DA:39,2
DA:45,2
DA:50,2
DA:51,2
DA:52,2
DA:53,2
DA:54,2
DA:55,2
DA:60,2
DA:61,2
DA:62,2
DA:63,2
DA:64,2
DA:69,2
DA:70,2
DA:75,2
DA:76,2
DA:77,2
DA:79,2
DA:84,2
DA:89,2
DA:96,2
DA:104,2
DA:109,2
DA:118,2
DA:126,2
DA:131,2
DA:135,2
DA:140,2
DA:149,2
DA:157,2
DA:158,2
DA:159,2
DA:163,2
DA:164,2
DA:166,2
DA:167,2
DA:168,2
DA:170,2
DA:175,2
DA:176,2
DA:177,2
LF:46
LH:46
BRF:0
BRH:0
end_of_record
TN:
SF:src/generated/prisma/query_compiler_fast_bg.js
FN:1,(anonymous_0)
FN:1,(anonymous_1)
FN:1,(anonymous_2)
FN:1,(anonymous_3)
FN:1,(anonymous_4)
FN:1,(anonymous_5)
FN:1,(anonymous_6)
FN:1,(anonymous_7)
FN:1,(anonymous_8)
FN:1,(anonymous_9)
FN:1,(anonymous_10)
FN:1,(anonymous_11)
FN:1,(anonymous_12)
FN:1,(anonymous_13)
FN:1,(anonymous_14)
FN:1,(anonymous_15)
FN:1,(anonymous_16)
FN:1,(anonymous_17)
FN:1,(anonymous_18)
FN:1,(anonymous_19)
FN:1,(anonymous_20)
FN:1,(anonymous_21)
FN:1,(anonymous_22)
FN:1,(anonymous_23)
FN:1,(anonymous_24)
FN:1,(anonymous_25)
FN:1,(anonymous_26)
FN:1,(anonymous_27)
FN:1,(anonymous_28)
FN:1,(anonymous_29)
FN:1,(anonymous_30)
FN:1,(anonymous_31)
FN:1,(anonymous_32)
FN:1,(anonymous_33)
FN:1,(anonymous_34)
FN:1,(anonymous_35)
FN:1,(anonymous_36)
FN:1,(anonymous_37)
FN:1,(anonymous_38)
FN:1,(anonymous_39)
FN:1,(anonymous_40)
FN:1,(anonymous_41)
FN:1,(anonymous_42)
FN:1,(anonymous_43)
FN:1,N
FN:1,a
FN:1,R
FN:1,m
FN:1,(anonymous_48)
FN:1,l
FN:1,u
FN:1,x
FN:1,I
FN:2,$
FN:2,w
FN:2,(anonymous_55)
FN:2,(anonymous_56)
FN:2,(anonymous_57)
FN:2,(anonymous_58)
FN:2,(anonymous_59)
FN:2,(anonymous_60)
FN:2,(anonymous_61)
FN:2,(anonymous_62)
FN:2,q
FN:2,C
FN:2,k
FN:2,W
FN:2,V
FN:2,z
FN:2,L
FN:2,P
FN:2,Q
FN:2,Y
FN:2,G
FN:2,J
FN:2,X
FN:2,H
FN:2,K
FN:2,Z
FN:2,v
FN:2,ee
FN:2,te
FN:2,ne
FN:2,re
FN:2,_e
FN:2,oe
FN:2,ce
FN:2,ie
FN:2,se
FN:2,ue
FN:2,fe
FN:2,be
FN:2,de
FN:2,ae
FN:2,ge
FN:2,le
FN:2,we
FN:2,pe
FN:2,ye
FN:2,me
FNF:100
FNH:68
FNDA:2,(anonymous_0)
FNDA:2,(anonymous_1)
FNDA:78,(anonymous_2)
FNDA:2,(anonymous_3)
FNDA:2,(anonymous_4)
FNDA:2,(anonymous_5)
FNDA:2,(anonymous_6)
FNDA:2,(anonymous_7)
FNDA:2,(anonymous_8)
FNDA:2,(anonymous_9)
FNDA:2,(anonymous_10)
FNDA:2,(anonymous_11)
FNDA:2,(anonymous_12)
FNDA:2,(anonymous_13)
FNDA:2,(anonymous_14)
FNDA:2,(anonymous_15)
FNDA:2,(anonymous_16)
FNDA:2,(anonymous_17)
FNDA:2,(anonymous_18)
FNDA:2,(anonymous_19)
FNDA:2,(anonymous_20)
FNDA:2,(anonymous_21)
FNDA:2,(anonymous_22)
FNDA:2,(anonymous_23)
FNDA:2,(anonymous_24)
FNDA:2,(anonymous_25)
FNDA:2,(anonymous_26)
FNDA:2,(anonymous_27)
FNDA:2,(anonymous_28)
FNDA:2,(anonymous_29)
FNDA:2,(anonymous_30)
FNDA:2,(anonymous_31)
FNDA:2,(anonymous_32)
FNDA:2,(anonymous_33)
FNDA:2,(anonymous_34)
FNDA:2,(anonymous_35)
FNDA:2,(anonymous_36)
FNDA:2,(anonymous_37)
FNDA:2,(anonymous_38)
FNDA:2,(anonymous_39)
FNDA:2,(anonymous_40)
FNDA:2,(anonymous_41)
FNDA:2,(anonymous_42)
FNDA:0,(anonymous_43)
FNDA:2,N
FNDA:560,a
FNDA:549,R
FNDA:549,m
FNDA:0,(anonymous_48)
FNDA:11,l
FNDA:8,u
FNDA:6,x
FNDA:0,I
FNDA:0,$
FNDA:7,w
FNDA:0,(anonymous_55)
FNDA:0,(anonymous_56)
FNDA:0,(anonymous_57)
FNDA:0,(anonymous_58)
FNDA:0,(anonymous_59)
FNDA:0,(anonymous_60)
FNDA:2,(anonymous_61)
FNDA:7,(anonymous_62)
FNDA:0,q
FNDA:0,C
FNDA:0,k
FNDA:2,W
FNDA:0,V
FNDA:4,z
FNDA:4,L
FNDA:208,P
FNDA:12,Q
FNDA:4,Y
FNDA:0,G
FNDA:4,J
FNDA:0,X
FNDA:0,H
FNDA:0,K
FNDA:0,Z
FNDA:12,v
FNDA:0,ee
FNDA:0,te
FNDA:0,ne
FNDA:0,re
FNDA:0,_e
FNDA:0,oe
FNDA:255,ce
FNDA:0,ie
FNDA:0,se
FNDA:37,ue
FNDA:0,fe
FNDA:597,be
FNDA:0,de
FNDA:100,ae
FNDA:0,ge
FNDA:549,le
FNDA:0,we
FNDA:0,pe
FNDA:3,ye
FNDA:2,me
DA:1,4279
DA:2,597
LF:2
LH:2
BRDA:1,0,0,2
BRDA:1,0,1,0
BRDA:1,1,0,2
BRDA:1,1,1,2
BRDA:1,1,2,0
BRDA:1,2,0,78
BRDA:1,2,1,78
BRDA:1,2,2,78
BRDA:1,3,0,78
BRDA:1,3,1,78
BRDA:1,4,0,560
BRDA:1,4,1,558
BRDA:1,4,2,3
BRDA:1,5,0,549
BRDA:1,5,1,0
BRDA:1,6,0,2
BRDA:1,6,1,0
BRDA:1,7,0,0
BRDA:1,7,1,11
BRDA:1,8,0,0
BRDA:1,8,1,4279
BRDA:1,9,0,0
BRDA:1,9,1,11
BRDA:1,10,0,0
BRDA:1,10,1,0
BRDA:1,11,0,8
BRDA:1,11,1,6
BRDA:1,11,2,6
BRDA:1,11,3,0
BRDA:1,11,4,2
BRDA:1,12,0,0
BRDA:1,12,1,0
BRDA:1,13,0,0
BRDA:1,13,1,0
BRDA:1,13,2,0
BRDA:1,14,0,0
BRDA:1,14,1,0
BRDA:1,15,0,0
BRDA:1,15,1,0
BRDA:1,16,0,0
BRDA:1,16,1,0
BRDA:1,17,0,0
BRDA:1,17,1,0
BRDA:1,18,0,0
BRDA:1,18,1,0
BRDA:1,19,0,0
BRDA:1,19,1,0
BRDA:1,20,0,0
BRDA:1,20,1,0
BRDA:1,21,0,0
BRDA:1,21,1,0
BRDA:1,22,0,0
BRDA:1,22,1,0
BRDA:1,23,0,0
BRDA:1,23,1,0
BRDA:1,24,0,0
BRDA:1,24,1,0
BRDA:1,25,0,0
BRDA:1,25,1,0
BRDA:2,26,0,0
BRDA:2,26,1,2
BRDA:2,27,0,0
BRDA:2,27,1,0
BRDA:2,28,0,0
BRDA:2,28,1,2
BRDA:2,29,0,0
BRDA:2,29,1,7
BRDA:2,30,0,2
BRDA:2,30,1,2
BRDA:2,31,0,2
BRDA:2,31,1,0
BRDA:2,32,0,0
BRDA:2,32,1,2
BRDA:2,33,0,2
BRDA:2,33,1,0
BRDA:2,34,0,4
BRDA:2,34,1,4
BRDA:2,35,0,0
BRDA:2,35,1,0
BRDA:2,36,0,0
BRDA:2,36,1,0
BRDA:2,37,0,4
BRDA:2,37,1,0
BRDA:2,38,0,0
BRDA:2,38,1,4
BRDA:2,39,0,2
BRDA:2,39,1,0
BRF:87
BRH:33
end_of_record
TN:
SF:src/generated/prisma/query_compiler_fast_bg.wasm-base64.js
FNF:0
FNH:0
DA:1,2
DA:2,2
LF:2
LH:2
BRF:0
BRH:0
end_of_record
TN:
SF:src/generated/prisma/runtime/client.js
FN:5,(anonymous_0)
FN:5,(anonymous_1)
FN:5,(anonymous_2)
FN:5,(anonymous_3)
FN:5,(anonymous_4)
FN:5,(anonymous_5)
FN:5,(anonymous_6)
FN:5,(anonymous_7)
FN:5,(anonymous_8)
FN:5,(anonymous_9)
FN:5,(anonymous_10)
FN:5,(anonymous_11)
FN:5,(anonymous_12)
FN:5,(anonymous_13)
FN:5,(anonymous_14)
FN:5,(anonymous_15)
FN:5,(anonymous_16)
FN:5,(anonymous_17)
FN:5,(anonymous_18)
FN:5,(anonymous_19)
FN:5,e
FN:5,(anonymous_21)
FN:5,(anonymous_22)
FN:5,(anonymous_23)
FN:5,(anonymous_24)
FN:5,kn
FN:5,Np
FN:5,Ps
FN:5,Dp
FN:5,Mp
FN:5,Fp
FN:5,(anonymous_31)
FN:5,Nn
FN:5,Ts
FN:5,(anonymous_34)
FN:5,(anonymous_35)
FN:5,(anonymous_36)
FN:5,(anonymous_37)
FN:5,(anonymous_38)
FN:5,(anonymous_39)
FN:5,(anonymous_40)
FN:5,(anonymous_41)
FN:5,(anonymous_42)
FN:5,(anonymous_43)
FN:5,(anonymous_44)
FN:5,(anonymous_45)
FN:5,(anonymous_46)
FN:5,$s
FN:5,(anonymous_48)
FN:5,(anonymous_49)
FN:5,(anonymous_50)
FN:5,(anonymous_51)
FN:5,(anonymous_52)
FN:5,(anonymous_53)
FN:5,(anonymous_54)
FN:5,(anonymous_55)
FN:5,$p
FN:5,Lp
FN:5,Vp
FN:5,qp
FN:5,jp
FN:5,Up
FN:5,Fn
FN:5,(anonymous_63)
FN:5,(anonymous_64)
FN:5,Bp
FN:5,(anonymous_66)
FN:5,Jp
FN:5,Hs
FN:5,Hp
FN:5,(anonymous_70)
FN:5,zp
FN:5,Gs
FN:5,Sr
FN:5,Wp
FN:5,(anonymous_75)
FN:5,Kp
FN:5,Zp
FN:5,(anonymous_78)
FN:5,(anonymous_79)
FN:5,Yp
FN:5,(anonymous_81)
FN:5,(anonymous_82)
FN:5,Xp
FN:5,(anonymous_84)
FN:5,(anonymous_85)
FN:5,ed
FN:5,(anonymous_87)
FN:5,(anonymous_88)
FN:5,(anonymous_89)
FN:5,ea
FN:5,(anonymous_91)
FN:5,(anonymous_92)
FN:5,(anonymous_93)
FN:5,(anonymous_94)
FN:5,(anonymous_95)
FN:5,(anonymous_96)
FN:5,(anonymous_97)
FN:5,(anonymous_98)
FN:5,(anonymous_99)
FN:5,(anonymous_100)
FN:5,(anonymous_101)
FN:5,(anonymous_102)
FN:5,(anonymous_103)
FN:5,(anonymous_104)
FN:5,(anonymous_105)
FN:5,(anonymous_106)
FN:5,(anonymous_107)
FN:5,oa
FN:5,(anonymous_109)
FN:5,(anonymous_110)
FN:5,(anonymous_111)
FN:5,(anonymous_112)
FN:5,(anonymous_113)
FN:5,(anonymous_114)
FN:5,(anonymous_115)
FN:5,(anonymous_116)
FN:5,(anonymous_117)
FN:5,(anonymous_118)
FN:5,(anonymous_119)
FN:5,(anonymous_120)
FN:5,(anonymous_121)
FN:5,(anonymous_122)
FN:5,(anonymous_123)
FN:5,(anonymous_124)
FN:5,(anonymous_125)
FN:5,(anonymous_126)
FN:5,(anonymous_127)
FN:5,(anonymous_128)
FN:5,(anonymous_129)
FN:5,(anonymous_130)
FN:5,(anonymous_131)
FN:5,(anonymous_132)
FN:5,(anonymous_133)
FN:5,(anonymous_134)
FN:5,(anonymous_135)
FN:5,(anonymous_136)
FN:5,(anonymous_137)
FN:5,(anonymous_138)
FN:5,(anonymous_139)
FN:5,(anonymous_140)
FN:5,(anonymous_141)
FN:5,(anonymous_142)
FN:5,(anonymous_143)
FN:5,(anonymous_144)
FN:5,(anonymous_145)
FN:5,(anonymous_146)
FN:5,(anonymous_147)
FN:5,(anonymous_148)
FN:5,(anonymous_149)
FN:5,(anonymous_150)
FN:5,(anonymous_151)
FN:5,(anonymous_152)
FN:5,(anonymous_153)
FN:5,(anonymous_154)
FN:5,(anonymous_155)
FN:5,(anonymous_156)
FN:5,(anonymous_157)
FN:5,bi
FN:5,(anonymous_159)
FN:5,xi
FN:5,(anonymous_161)
FN:5,Ei
FN:5,(anonymous_163)
FN:5,(anonymous_164)
FN:5,(anonymous_165)
FN:5,(anonymous_166)
FN:5,pe
FN:5,Pi
FN:5,it
FN:5,(anonymous_170)
FN:5,Ti
FN:5,Zr
FN:5,(anonymous_173)
FN:5,(anonymous_174)
FN:5,(anonymous_175)
FN:5,(anonymous_176)
FN:5,(anonymous_177)
FN:5,(anonymous_178)
FN:5,(anonymous_179)
FN:5,(anonymous_180)
FN:5,(anonymous_181)
FN:5,(anonymous_182)
FN:5,(anonymous_183)
FN:5,(anonymous_184)
FN:5,(anonymous_185)
FN:5,(anonymous_186)
FN:5,(anonymous_187)
FN:5,(anonymous_188)
FN:5,(anonymous_189)
FN:5,(anonymous_190)
FN:5,(anonymous_191)
FN:5,(anonymous_192)
FN:5,(anonymous_193)
FN:5,(anonymous_194)
FN:5,(anonymous_195)
FN:5,(anonymous_196)
FN:5,(anonymous_197)
FN:5,(anonymous_198)
FN:5,(anonymous_199)
FN:5,S
FN:5,(anonymous_201)
FN:5,(anonymous_202)
FN:5,(anonymous_203)
FN:5,(anonymous_204)
FN:5,(anonymous_205)
FN:5,(anonymous_206)
FN:5,(anonymous_207)
FN:5,(anonymous_208)
FN:5,Ru
FN:5,(anonymous_210)
FN:5,(anonymous_211)
FN:5,(anonymous_212)
FN:5,(anonymous_213)
FN:5,(anonymous_214)
FN:5,(anonymous_215)
FN:5,(anonymous_216)
FN:5,ku
FN:5,(anonymous_218)
FN:5,Oi
FN:5,(anonymous_220)
FN:5,(anonymous_221)
FN:6,Ni
FN:6,en
FN:6,Vi
FN:6,tn
FN:6,(anonymous_226)
FN:6,(anonymous_227)
FN:6,(anonymous_228)
FN:6,(anonymous_229)
FN:6,(anonymous_230)
FN:6,(anonymous_231)
FN:6,(anonymous_232)
FN:6,(anonymous_233)
FN:6,Ou
FN:6,rn
FN:6,Nu
FN:6,Du
FN:6,Mu
FN:6,se
FN:6,nn
FN:6,De
FN:6,on
FN:6,sn
FN:6,Wt
FN:6,an
FN:6,gt
FN:6,(anonymous_247)
FN:6,Me
FN:6,Kt
FN:6,Fe
FN:6,(anonymous_251)
FN:6,(anonymous_252)
FN:6,_u
FN:6,(anonymous_254)
FN:6,(anonymous_255)
FN:6,(anonymous_256)
FN:6,(anonymous_257)
FN:6,(anonymous_258)
FN:6,(anonymous_259)
FN:6,(anonymous_260)
FN:6,(anonymous_261)
FN:6,(anonymous_262)
FN:6,e
FN:6,(anonymous_264)
FN:6,(anonymous_265)
FN:6,(anonymous_266)
FN:6,(anonymous_267)
FN:6,e
FN:6,(anonymous_269)
FN:6,(anonymous_270)
FN:6,(anonymous_271)
FN:6,(anonymous_272)
FN:6,(anonymous_273)
FN:6,z
FN:6,(anonymous_275)
FN:6,(anonymous_276)
FN:6,Vu
FN:6,Gi
FN:6,qu
FN:6,(anonymous_280)
FN:6,zi
FN:6,(anonymous_282)
FN:6,(anonymous_283)
FN:6,(anonymous_284)
FN:6,(anonymous_285)
FN:6,(anonymous_286)
FN:6,(anonymous_287)
FN:6,(anonymous_288)
FN:6,(anonymous_289)
FN:6,(anonymous_290)
FN:6,(anonymous_291)
FN:6,(anonymous_292)
FN:8,(anonymous_293)
FN:9,(anonymous_294)
FN:10,(anonymous_295)
FN:10,(anonymous_296)
FN:10,(anonymous_297)
FN:10,(anonymous_298)
FN:10,(anonymous_299)
FN:10,(anonymous_300)
FN:10,(anonymous_301)
FN:10,Bu
FN:10,Qu
FN:10,(anonymous_304)
FN:10,(anonymous_305)
FN:10,(anonymous_306)
FN:10,Ju
FN:10,Hu
FN:10,Gu
FN:11,zu
FN:11,Xt
FN:11,eo
FN:11,(anonymous_313)
FN:11,to
FN:11,(anonymous_315)
FN:11,Wu
FN:11,Ku
FN:11,Zu
FN:11,(anonymous_319)
FN:11,Yi
FN:11,Xi
FN:11,(anonymous_322)
FN:11,(anonymous_323)
FN:11,(anonymous_324)
FN:11,(anonymous_325)
FN:11,(anonymous_326)
FN:11,(anonymous_327)
FN:11,(anonymous_328)
FN:11,(anonymous_329)
FN:11,(anonymous_330)
FN:11,(anonymous_331)
FN:11,(anonymous_332)
FN:11,(anonymous_333)
FN:11,(anonymous_334)
FN:11,(anonymous_335)
FN:11,(anonymous_336)
FN:12,(anonymous_337)
FN:12,(anonymous_338)
FN:12,(anonymous_339)
FN:12,(anonymous_340)
FN:12,(anonymous_341)
FN:12,(anonymous_342)
FN:12,(anonymous_343)
FN:12,(anonymous_344)
FN:12,(anonymous_345)
FN:12,(anonymous_346)
FN:12,(anonymous_347)
FN:12,(anonymous_348)
FN:12,(anonymous_349)
FN:12,(anonymous_350)
FN:12,(anonymous_351)
FN:12,(anonymous_352)
FN:12,(anonymous_353)
FN:12,(anonymous_354)
FN:12,(anonymous_355)
FN:12,(anonymous_356)
FN:12,(anonymous_357)
FN:12,(anonymous_358)
FN:12,(anonymous_359)
FN:12,(anonymous_360)
FN:12,(anonymous_361)
FN:12,(anonymous_362)
FN:12,(anonymous_363)
FN:12,(anonymous_364)
FN:12,(anonymous_365)
FN:12,(anonymous_366)
FN:12,(anonymous_367)
FN:12,(anonymous_368)
FN:12,(anonymous_369)
FN:12,(anonymous_370)
FN:12,(anonymous_371)
FN:12,(anonymous_372)
FN:12,(anonymous_373)
FN:12,(anonymous_374)
FN:12,(anonymous_375)
FN:12,(anonymous_376)
FN:12,(anonymous_377)
FN:12,(anonymous_378)
FN:12,(anonymous_379)
FN:12,(anonymous_380)
FN:12,(anonymous_381)
FN:12,(anonymous_382)
FN:12,(anonymous_383)
FN:12,(anonymous_384)
FN:12,(anonymous_385)
FN:12,(anonymous_386)
FN:12,(anonymous_387)
FN:12,(anonymous_388)
FN:12,(anonymous_389)
FN:12,(anonymous_390)
FN:12,(anonymous_391)
FN:12,er
FN:12,Yu
FN:12,(anonymous_394)
FN:12,Xu
FN:12,(anonymous_396)
FN:13,ec
FN:13,(anonymous_398)
FN:13,tc
FN:13,(anonymous_400)
FN:13,rc
FN:13,(anonymous_402)
FN:13,nc
FN:13,(anonymous_404)
FN:13,ic
FN:13,(anonymous_406)
FN:13,oc
FN:13,(anonymous_408)
FN:13,sc
FN:13,(anonymous_410)
FN:13,(anonymous_411)
FN:13,ac
FN:13,(anonymous_413)
FN:13,(anonymous_414)
FN:13,so
FN:13,lc
FN:13,(anonymous_417)
FN:13,(anonymous_418)
FN:13,ao
FN:13,uc
FN:13,(anonymous_421)
FN:13,(anonymous_422)
FN:13,cc
FN:13,(anonymous_424)
FN:13,(anonymous_425)
FN:13,pc
FN:13,(anonymous_427)
FN:13,dc
FN:13,(anonymous_429)
FN:13,(anonymous_430)
FN:13,mc
FN:13,(anonymous_432)
FN:13,(anonymous_433)
FN:13,lo
FN:13,fc
FN:13,gc
FN:13,yc
FN:13,uo
FN:13,co
FN:13,je
FN:13,wt
FN:13,ir
FN:13,wc
FN:13,(anonymous_444)
FN:13,(anonymous_445)
FN:13,Ue
FN:13,(anonymous_447)
FN:13,(anonymous_448)
FN:13,(anonymous_449)
FN:13,(anonymous_450)
FN:13,(anonymous_451)
FN:13,(anonymous_452)
FN:13,(anonymous_453)
FN:13,(anonymous_454)
FN:13,(anonymous_455)
FN:14,Be
FN:14,fo
FN:14,go
FN:14,bc
FN:14,sr
FN:14,ar
FN:14,X
FN:14,(anonymous_463)
FN:14,wo
FN:14,xc
FN:14,(anonymous_466)
FN:14,(anonymous_467)
FN:14,(anonymous_468)
FN:14,(anonymous_469)
FN:14,ho
FN:14,(anonymous_471)
FN:14,(anonymous_472)
FN:14,Ec
FN:14,(anonymous_474)
FN:14,bo
FN:14,xo
FN:14,(anonymous_477)
FN:14,(anonymous_478)
FN:14,(anonymous_479)
FN:14,(anonymous_480)
FN:14,(anonymous_481)
FN:14,(anonymous_482)
FN:14,(anonymous_483)
FN:14,(anonymous_484)
FN:14,(anonymous_485)
FN:14,(anonymous_486)
FN:14,(anonymous_487)
FN:14,(anonymous_488)
FN:14,(anonymous_489)
FN:14,(anonymous_490)
FN:14,(anonymous_491)
FN:14,(anonymous_492)
FN:14,(anonymous_493)
FN:14,(anonymous_494)
FN:14,(anonymous_495)
FN:14,(anonymous_496)
FN:14,(anonymous_497)
FN:14,(anonymous_498)
FN:14,Eo
FN:14,Po
FN:14,(anonymous_501)
FN:14,(anonymous_502)
FN:14,Q
FN:14,pr
FN:14,Et
FN:14,Tc
FN:14,Sc
FN:14,vc
FN:14,Ac
FN:14,Cc
FN:14,Ao
FN:14,Co
FN:14,Rc
FN:14,kc
FN:14,Ic
FN:14,mn
FN:14,(anonymous_517)
FN:14,(anonymous_518)
FN:14,(anonymous_519)
FN:14,(anonymous_520)
FN:14,(anonymous_521)
FN:14,(anonymous_522)
FN:14,(anonymous_523)
FN:14,(anonymous_524)
FN:14,(anonymous_525)
FN:14,(anonymous_526)
FN:14,(anonymous_527)
FN:14,(anonymous_528)
FN:14,(anonymous_529)
FN:14,(anonymous_530)
FN:14,(anonymous_531)
FN:14,(anonymous_532)
FN:14,(anonymous_533)
FN:14,Ro
FN:14,(anonymous_535)
FN:14,(anonymous_536)
FN:14,Oc
FN:14,fn
FN:14,(anonymous_539)
FN:14,(anonymous_540)
FN:14,(anonymous_541)
FN:14,(anonymous_542)
FN:14,ko
FN:14,(anonymous_544)
FN:14,mr
FN:14,Tt
FN:14,(anonymous_547)
FN:14,(anonymous_548)
FN:14,$
FN:14,(anonymous_550)
FN:14,(anonymous_551)
FN:14,Ee
FN:14,(anonymous_553)
FN:14,(anonymous_554)
FN:14,(anonymous_555)
FN:14,(anonymous_556)
FN:14,gr
FN:14,(anonymous_558)
FN:14,(anonymous_559)
FN:14,(anonymous_560)
FN:14,(anonymous_561)
FN:14,(anonymous_562)
FN:14,W
FN:14,(anonymous_564)
FN:14,(anonymous_565)
FN:14,(anonymous_566)
FN:14,(anonymous_567)
FN:14,(anonymous_568)
FN:14,(anonymous_569)
FN:14,(anonymous_570)
FN:14,(anonymous_571)
FN:14,Nc
FN:14,Oo
FN:14,(anonymous_574)
FN:14,Je
FN:14,(anonymous_576)
FN:14,(anonymous_577)
FN:14,(anonymous_578)
FN:14,No
FN:14,Do
FN:15,(anonymous_581)
FN:15,Fc
FN:15,$c
FN:15,qc
FN:15,Uc
FN:15,Qc
FN:15,(anonymous_587)
FN:15,(anonymous_588)
FN:15,(anonymous_589)
FN:15,(anonymous_590)
FN:15,me
FN:15,He
FN:15,(anonymous_593)
FN:15,Hc
FN:15,yr
FN:15,(anonymous_596)
FN:15,Fo
FN:15,Gc
FN:15,zc
FN:15,(anonymous_600)
FN:15,(anonymous_601)
FN:15,_o
FN:15,Wc
FN:15,Kc
FN:15,(anonymous_605)
FN:15,(anonymous_606)
FN:15,$o
FN:15,Lo
FN:15,(anonymous_609)
FN:15,(anonymous_610)
FN:15,(anonymous_611)
FN:15,Vo
FN:15,(anonymous_613)
FN:15,(anonymous_614)
FN:15,(anonymous_615)
FN:15,(anonymous_616)
FN:15,(anonymous_617)
FN:15,(anonymous_618)
FN:15,(anonymous_619)
FN:15,Zc
FN:15,Yc
FN:15,bn
FN:15,(anonymous_623)
FN:15,(anonymous_624)
FN:15,(anonymous_625)
FN:15,Xc
FN:15,(anonymous_627)
FN:15,(anonymous_628)
FN:15,xn
FN:15,(anonymous_630)
FN:15,(anonymous_631)
FN:15,(anonymous_632)
FN:15,rp
FN:15,(anonymous_634)
FN:15,(anonymous_635)
FN:15,(anonymous_636)
FN:15,(anonymous_637)
FN:15,(anonymous_638)
FN:15,np
FN:15,ip
FN:15,(anonymous_641)
FN:15,Uo
FN:15,(anonymous_643)
FN:15,vt
FN:15,(anonymous_645)
FN:15,(anonymous_646)
FN:15,op
FN:15,(anonymous_648)
FN:15,(anonymous_649)
FN:15,sp
FN:15,(anonymous_651)
FN:15,(anonymous_652)
FN:15,(anonymous_653)
FN:15,Bo
FN:15,Qo
FN:15,Jo
FN:15,(anonymous_657)
FN:15,(anonymous_658)
FN:15,ap
FN:15,(anonymous_660)
FN:15,lp
FN:15,(anonymous_662)
FN:15,hr
FN:15,Ho
FN:15,(anonymous_665)
FN:15,Go
FN:15,(anonymous_667)
FN:15,Wo
FN:15,cp
FN:15,pp
FN:15,At
FN:15,Zo
FN:15,(anonymous_673)
FN:15,(anonymous_674)
FN:15,Yo
FN:15,Xo
FN:15,(anonymous_677)
FN:15,es
FN:15,(anonymous_679)
FN:15,(anonymous_680)
FN:15,(anonymous_681)
FN:15,ts
FN:15,(anonymous_683)
FN:15,ns
FN:15,(anonymous_685)
FN:15,dp
FN:15,mp
FN:15,rs
FN:15,T
FN:15,Pn
FN:15,(anonymous_691)
FN:15,Ge
FN:15,(anonymous_693)
FN:15,is
FN:15,os
FN:15,ss
FN:15,as
FN:15,ls
FN:15,fe
FN:15,(anonymous_700)
FN:15,fp
FN:15,gp
FN:15,K
FN:15,yp
FN:15,wr
FN:15,(anonymous_706)
FN:15,(anonymous_707)
FN:15,ze
FN:15,Sn
FN:15,hp
FN:15,cs
FN:15,Tn
FN:15,(anonymous_713)
FN:15,wp
FN:15,bp
FN:15,xp
FN:15,ps
FN:15,(anonymous_718)
FN:15,(anonymous_719)
FN:15,(anonymous_720)
FN:15,(anonymous_721)
FN:15,(anonymous_722)
FN:15,(anonymous_723)
FN:15,Ep
FN:15,gs
FN:15,An
FN:15,(anonymous_727)
FN:15,(anonymous_728)
FN:15,ms
FN:15,Pp
FN:15,(anonymous_731)
FN:15,vn
FN:15,Sp
FN:15,J
FN:15,(anonymous_735)
FN:15,(anonymous_736)
FN:15,vp
FN:15,(anonymous_738)
FN:15,(anonymous_739)
FN:15,br
FN:15,ys
FN:15,hs
FN:15,(anonymous_743)
FN:15,Ap
FN:15,xr
FN:15,(anonymous_746)
FN:15,Te
FN:15,Cp
FN:15,(anonymous_749)
FN:15,Cn
FN:15,Er
FN:15,Rn
FN:15,o
FN:15,s
FN:15,a
FN:15,wd
FN:15,Ln
FN:15,(anonymous_758)
FN:15,(anonymous_759)
FN:15,xd
FN:15,Ed
FN:15,(anonymous_762)
FN:15,(anonymous_763)
FN:15,(anonymous_764)
FN:15,Pd
FN:15,Td
FN:15,Sd
FN:15,vd
FN:15,ya
FN:15,vr
FN:15,Ye
FN:15,Ad
FN:15,Cd
FN:15,Rd
FN:15,ba
FN:15,(anonymous_776)
FN:15,(anonymous_777)
FN:15,(anonymous_778)
FN:15,(anonymous_779)
FN:15,(anonymous_780)
FN:15,(anonymous_781)
FN:15,(anonymous_782)
FN:15,(anonymous_783)
FN:15,(anonymous_784)
FN:15,(anonymous_785)
FN:15,(anonymous_786)
FN:15,(anonymous_787)
FN:15,(anonymous_788)
FN:15,kr
FN:15,kd
FN:15,Pa
FN:15,Id
FN:15,(anonymous_793)
FN:15,Od
FN:15,Nd
FN:15,(anonymous_796)
FN:15,(anonymous_797)
FN:15,Ea
FN:15,(anonymous_799)
FN:15,Xe
FN:15,(anonymous_801)
FN:15,Wn
FN:15,Kn
FN:15,Xn
FN:15,(anonymous_805)
FN:15,(anonymous_806)
FN:15,H
FN:15,(anonymous_808)
FN:15,(anonymous_809)
FN:15,Dd
FN:15,Md
FN:15,(anonymous_812)
FN:15,(anonymous_813)
FN:15,(anonymous_814)
FN:15,Zn
FN:15,Fd
FN:15,_d
FN:15,Yn
FN:15,Ta
FN:15,$d
FN:15,(anonymous_821)
FN:15,(anonymous_822)
FN:15,(anonymous_823)
FN:15,(anonymous_824)
FN:15,(anonymous_825)
FN:15,Ld
FN:15,Sa
FN:15,(anonymous_828)
FN:15,(anonymous_829)
FN:15,va
FN:15,(anonymous_831)
FN:15,(anonymous_832)
FN:15,(anonymous_833)
FN:15,_t
FN:15,(anonymous_835)
FN:15,(anonymous_836)
FN:15,(anonymous_837)
FN:15,(anonymous_838)
FN:15,Vd
FN:15,Aa
FN:15,(anonymous_841)
FN:15,ei
FN:15,qd
FN:15,jd
FN:15,(anonymous_845)
FN:15,(anonymous_846)
FN:15,(anonymous_847)
FN:15,(anonymous_848)
FN:15,(anonymous_849)
FN:15,(anonymous_850)
FN:15,(anonymous_851)
FN:15,(anonymous_852)
FN:15,(anonymous_853)
FN:15,(anonymous_854)
FN:15,(anonymous_855)
FN:15,(anonymous_856)
FN:15,(anonymous_857)
FN:15,(anonymous_858)
FN:15,(anonymous_859)
FN:15,(anonymous_860)
FN:15,(anonymous_861)
FN:15,(anonymous_862)
FN:15,Ca
FN:15,ti
FN:15,ee
FN:15,Lt
FN:15,ka
FN:15,(anonymous_868)
FN:15,Ud
FN:15,(anonymous_870)
FN:15,(anonymous_871)
FN:15,Bd
FN:15,r
FN:15,Qd
FN:15,Jd
FN:15,Ra
FN:15,Ia
FN:15,ri
FN:15,Hd
FN:15,Oa
FN:15,Na
FN:15,(anonymous_882)
FN:15,(anonymous_883)
FN:15,(anonymous_884)
FN:15,(anonymous_885)
FN:15,(anonymous_886)
FN:15,(anonymous_887)
FN:15,(anonymous_888)
FN:15,(anonymous_889)
FN:15,(anonymous_890)
FN:15,(anonymous_891)
FN:15,(anonymous_892)
FN:15,(anonymous_893)
FN:15,(anonymous_894)
FN:15,(anonymous_895)
FN:15,(anonymous_896)
FN:15,(anonymous_897)
FN:15,(anonymous_898)
FN:15,(anonymous_899)
FN:15,(anonymous_900)
FN:15,(anonymous_901)
FN:15,(anonymous_902)
FN:15,(anonymous_903)
FN:15,(anonymous_904)
FN:15,(anonymous_905)
FN:15,(anonymous_906)
FN:15,(anonymous_907)
FN:15,(anonymous_908)
FN:15,(anonymous_909)
FN:15,(anonymous_910)
FN:15,(anonymous_911)
FN:15,(anonymous_912)
FN:15,(anonymous_913)
FN:15,(anonymous_914)
FN:15,(anonymous_915)
FN:15,(anonymous_916)
FN:15,(anonymous_917)
FN:15,(anonymous_918)
FN:15,(anonymous_919)
FN:15,(anonymous_920)
FN:15,(anonymous_921)
FN:15,(anonymous_922)
FN:15,(anonymous_923)
FN:15,(anonymous_924)
FN:15,(anonymous_925)
FN:15,(anonymous_926)
FN:15,(anonymous_927)
FN:15,(anonymous_928)
FN:15,Da
FN:15,Ma
FN:15,Yd
FN:15,(anonymous_932)
FN:15,(anonymous_933)
FN:15,(anonymous_934)
FN:15,(anonymous_935)
FN:15,(anonymous_936)
FN:15,(anonymous_937)
FN:15,(anonymous_938)
FN:15,(anonymous_939)
FN:15,(anonymous_940)
FN:15,(anonymous_941)
FN:15,(anonymous_942)
FN:15,(anonymous_943)
FN:15,ne
FN:15,we
FN:15,$a
FN:15,(anonymous_947)
FN:15,(anonymous_948)
FN:15,La
FN:15,(anonymous_950)
FN:15,em
FN:15,_a
FN:15,Va
FN:15,qa
FN:15,(anonymous_955)
FN:15,ja
FN:16,(anonymous_957)
FN:17,Ba
FN:17,Qa
FN:61,(anonymous_960)
FN:61,(anonymous_961)
FN:61,(anonymous_962)
FN:61,(anonymous_963)
FN:61,(anonymous_964)
FN:61,(anonymous_965)
FN:61,(anonymous_966)
FN:61,(anonymous_967)
FN:61,(anonymous_968)
FN:61,$r
FN:61,Ja
FN:61,Ha
FN:61,za
FN:61,Wa
FN:61,(anonymous_974)
FN:61,(anonymous_975)
FN:61,(anonymous_976)
FN:61,(anonymous_977)
FN:61,(anonymous_978)
FN:61,(anonymous_979)
FN:61,(anonymous_980)
FN:61,Ga
FN:61,Ka
FN:61,rm
FN:61,nm
FN:61,ii
FN:61,Za
FN:61,Ya
FN:61,sm
FN:61,am
FN:61,Xa
FN:61,lm
FN:61,um
FN:61,el
FN:61,(anonymous_994)
FN:61,(anonymous_995)
FN:61,(anonymous_996)
FN:61,(anonymous_997)
FN:61,(anonymous_998)
FN:61,(anonymous_999)
FN:61,(anonymous_1000)
FN:61,(anonymous_1001)
FN:61,(anonymous_1002)
FN:61,tl
FN:61,cm
FN:61,rl
FN:61,(anonymous_1006)
FN:61,pm
FN:61,(anonymous_1008)
FN:61,(anonymous_1009)
FN:61,(anonymous_1010)
FN:61,nl
FN:61,(anonymous_1012)
FN:61,il
FN:61,(anonymous_1014)
FN:61,(anonymous_1015)
FN:61,dm
FN:61,oi
FN:61,(anonymous_1018)
FN:61,(anonymous_1019)
FN:61,(anonymous_1020)
FN:61,(anonymous_1021)
FN:61,(anonymous_1022)
FN:61,(anonymous_1023)
FN:61,(anonymous_1024)
FN:61,(anonymous_1025)
FN:61,(anonymous_1026)
FN:61,(anonymous_1027)
FN:61,(anonymous_1028)
FN:61,(anonymous_1029)
FN:61,(anonymous_1030)
FN:61,(anonymous_1031)
FN:61,(anonymous_1032)
FN:61,(anonymous_1033)
FN:61,(anonymous_1034)
FN:61,(anonymous_1035)
FN:61,(anonymous_1036)
FN:62,(anonymous_1037)
FN:62,(anonymous_1038)
FN:62,(anonymous_1039)
FN:62,(anonymous_1040)
FN:62,(anonymous_1041)
FN:62,(anonymous_1042)
FN:62,(anonymous_1043)
FN:62,(anonymous_1044)
FN:62,(anonymous_1045)
FN:62,(anonymous_1046)
FN:62,(anonymous_1047)
FN:62,(anonymous_1048)
FN:62,(anonymous_1049)
FN:62,(anonymous_1050)
FN:62,(anonymous_1051)
FN:62,(anonymous_1052)
FN:62,(anonymous_1053)
FN:62,(anonymous_1054)
FN:62,(anonymous_1055)
FN:62,(anonymous_1056)
FN:62,(anonymous_1057)
FN:62,(anonymous_1058)
FN:62,(anonymous_1059)
FN:62,(anonymous_1060)
FN:62,(anonymous_1061)
FN:62,ul
FN:62,cl
FN:62,pl
FN:62,ml
FN:62,(anonymous_1066)
FN:62,(anonymous_1067)
FN:62,(anonymous_1068)
FN:62,tt
FN:62,yl
FN:62,(anonymous_1071)
FN:62,bl
FN:62,(anonymous_1073)
FN:62,fm
FN:62,xl
FN:62,hl
FN:62,ui
FN:69,(anonymous_1078)
FN:69,(anonymous_1079)
FN:69,(anonymous_1080)
FN:69,(anonymous_1081)
FN:69,(anonymous_1082)
FN:69,(anonymous_1083)
FN:69,pi
FN:69,(anonymous_1085)
FN:69,(anonymous_1086)
FN:69,(anonymous_1087)
FN:69,(anonymous_1088)
FN:69,(anonymous_1089)
FN:69,(anonymous_1090)
FN:69,(anonymous_1091)
FN:69,vl
FN:69,Rl
FN:69,(anonymous_1094)
FN:69,(anonymous_1095)
FN:69,(anonymous_1096)
FN:69,(anonymous_1097)
FN:69,(anonymous_1098)
FN:69,(anonymous_1099)
FN:69,(anonymous_1100)
FN:69,(anonymous_1101)
FN:69,(anonymous_1102)
FN:69,(anonymous_1103)
FN:69,(anonymous_1104)
FN:69,kl
FN:69,Il
FN:69,(anonymous_1107)
FN:69,(anonymous_1108)
FN:69,(anonymous_1109)
FN:69,Ol
FN:69,(anonymous_1111)
FN:69,fi
FN:69,mi
FN:69,(anonymous_1114)
FN:69,gi
FN:69,(anonymous_1116)
FN:69,(anonymous_1117)
FN:69,(anonymous_1118)
FN:69,(anonymous_1119)
FN:69,(anonymous_1120)
FN:69,(anonymous_1121)
FN:69,(anonymous_1122)
FN:69,(anonymous_1123)
FN:69,(anonymous_1124)
FN:69,(anonymous_1125)
FN:69,(anonymous_1126)
FN:69,(anonymous_1127)
FN:69,Ie
FN:69,(anonymous_1129)
FN:69,(anonymous_1130)
FN:69,(anonymous_1131)
FN:69,(anonymous_1132)
FN:69,(anonymous_1133)
FN:69,(anonymous_1134)
FN:69,Hr
FN:69,Pm
FN:69,(anonymous_1137)
FN:69,(anonymous_1138)
FN:69,(anonymous_1139)
FN:69,(anonymous_1140)
FN:69,(anonymous_1141)
FN:69,(anonymous_1142)
FN:69,(anonymous_1143)
FN:69,(anonymous_1144)
FN:69,(anonymous_1145)
FN:69,(anonymous_1146)
FN:69,(anonymous_1147)
FN:69,(anonymous_1148)
FN:69,(anonymous_1149)
FN:69,(anonymous_1150)
FN:69,(anonymous_1151)
FN:69,(anonymous_1152)
FN:69,Sm
FN:69,Ml
FN:69,vm
FN:69,Am
FN:69,Fl
FN:69,(anonymous_1158)
FN:70,(anonymous_1159)
FN:70,(anonymous_1160)
FN:70,(anonymous_1161)
FN:70,(anonymous_1162)
FN:70,(anonymous_1163)
FN:70,t
FN:70,(anonymous_1165)
FN:70,(anonymous_1166)
FN:70,(anonymous_1167)
FN:70,(anonymous_1168)
FN:70,(anonymous_1169)
FN:70,(anonymous_1170)
FN:70,Rm
FN:70,jl
FN:70,Ut
FN:70,km
FN:70,(anonymous_1175)
FN:70,(anonymous_1176)
FN:70,Im
FN:70,Vl
FN:70,(anonymous_1179)
FN:70,Om
FN:70,(anonymous_1181)
FN:70,(anonymous_1182)
FN:70,(anonymous_1183)
FN:70,(anonymous_1184)
FN:74,Bl
FN:74,(anonymous_1186)
FN:74,(anonymous_1187)
FN:74,(anonymous_1188)
FN:74,(anonymous_1189)
FN:74,(anonymous_1190)
FN:74,(anonymous_1191)
FN:74,(anonymous_1192)
FN:74,Ql
FN:74,Dm
FN:74,Mm
FN:74,Fm
FN:74,(anonymous_1197)
FN:74,Kl
FN:74,(anonymous_1199)
FN:74,(anonymous_1200)
FN:74,(anonymous_1201)
FN:74,(anonymous_1202)
FN:79,(anonymous_1203)
FN:79,(anonymous_1204)
FN:79,(anonymous_1205)
FN:79,(anonymous_1206)
FN:79,(anonymous_1207)
FN:79,(anonymous_1208)
FN:79,(anonymous_1209)
FN:79,(anonymous_1210)
FN:79,(anonymous_1211)
FN:79,(anonymous_1212)
FN:79,(anonymous_1213)
FN:79,(anonymous_1214)
FN:79,(anonymous_1215)
FN:79,(anonymous_1216)
FN:79,(anonymous_1217)
FN:79,(anonymous_1218)
FN:79,(anonymous_1219)
FN:79,(anonymous_1220)
FN:79,(anonymous_1221)
FN:79,(anonymous_1222)
FN:79,(anonymous_1223)
FN:79,(anonymous_1224)
FN:79,(anonymous_1225)
FN:79,(anonymous_1226)
FN:79,(anonymous_1227)
FN:79,(anonymous_1228)
FN:79,(anonymous_1229)
FN:79,(anonymous_1230)
FN:79,(anonymous_1231)
FN:79,(anonymous_1232)
FN:79,(anonymous_1233)
FN:79,(anonymous_1234)
FN:79,(anonymous_1235)
FN:79,(anonymous_1236)
FN:79,(anonymous_1237)
FN:79,(anonymous_1238)
FN:79,(anonymous_1239)
FN:79,(anonymous_1240)
FN:80,(anonymous_1241)
FN:80,Jl
FN:80,$m
FN:80,Zl
FN:80,(anonymous_1245)
FN:80,(anonymous_1246)
FN:80,(anonymous_1247)
FN:80,(anonymous_1248)
FN:80,(anonymous_1249)
FN:80,(anonymous_1250)
FN:80,(anonymous_1251)
FN:80,Jm
FN:80,(anonymous_1253)
FN:80,Yl
FNF:1255
FNH:410
FNDA:4,(anonymous_0)
FNDA:4,(anonymous_1)
FNDA:26,(anonymous_2)
FNDA:30,(anonymous_3)
FNDA:12,(anonymous_4)
FNDA:24,(anonymous_5)
FNDA:48,(anonymous_6)
FNDA:22,(anonymous_7)
FNDA:2,(anonymous_8)
FNDA:2,(anonymous_9)
FNDA:2,(anonymous_10)
FNDA:2,(anonymous_11)
FNDA:3,(anonymous_12)
FNDA:11,(anonymous_13)
FNDA:2,(anonymous_14)
FNDA:0,(anonymous_15)
FNDA:2,(anonymous_16)
FNDA:0,(anonymous_17)
FNDA:2,(anonymous_18)
FNDA:2,(anonymous_19)
FNDA:0,e
FNDA:0,(anonymous_21)
FNDA:2,(anonymous_22)
FNDA:2,(anonymous_23)
FNDA:2,(anonymous_24)
FNDA:22,kn
FNDA:8,Np
FNDA:8,Ps
FNDA:0,Dp
FNDA:4,Mp
FNDA:2,Fp
FNDA:2,(anonymous_31)
FNDA:48,Nn
FNDA:2,Ts
FNDA:0,(anonymous_34)
FNDA:0,(anonymous_35)
FNDA:0,(anonymous_36)
FNDA:0,(anonymous_37)
FNDA:0,(anonymous_38)
FNDA:0,(anonymous_39)
FNDA:0,(anonymous_40)
FNDA:0,(anonymous_41)
FNDA:0,(anonymous_42)
FNDA:4560,(anonymous_43)
FNDA:4560,(anonymous_44)
FNDA:2400,(anonymous_45)
FNDA:2400,(anonymous_46)
FNDA:0,$s
FNDA:0,(anonymous_48)
FNDA:0,(anonymous_49)
FNDA:0,(anonymous_50)
FNDA:0,(anonymous_51)
FNDA:0,(anonymous_52)
FNDA:0,(anonymous_53)
FNDA:2,(anonymous_54)
FNDA:2,(anonymous_55)
FNDA:0,$p
FNDA:0,Lp
FNDA:22,Vp
FNDA:0,qp
FNDA:0,jp
FNDA:0,Up
FNDA:0,Fn
FNDA:0,(anonymous_63)
FNDA:0,(anonymous_64)
FNDA:0,Bp
FNDA:512,(anonymous_66)
FNDA:0,Jp
FNDA:0,Hs
FNDA:0,Hp
FNDA:0,(anonymous_70)
FNDA:0,zp
FNDA:2,Gs
FNDA:4,Sr
FNDA:0,Wp
FNDA:0,(anonymous_75)
FNDA:0,Kp
FNDA:16,Zp
FNDA:2,(anonymous_78)
FNDA:0,(anonymous_79)
FNDA:0,Yp
FNDA:0,(anonymous_81)
FNDA:0,(anonymous_82)
FNDA:4,Xp
FNDA:0,(anonymous_84)
FNDA:0,(anonymous_85)
FNDA:0,ed
FNDA:2,(anonymous_87)
FNDA:6960,(anonymous_88)
FNDA:6960,(anonymous_89)
FNDA:10,ea
FNDA:22,(anonymous_91)
FNDA:10,(anonymous_92)
FNDA:2,(anonymous_93)
FNDA:2,(anonymous_94)
FNDA:2,(anonymous_95)
FNDA:0,(anonymous_96)
FNDA:0,(anonymous_97)
FNDA:2,(anonymous_98)
FNDA:2,(anonymous_99)
FNDA:2,(anonymous_100)
FNDA:0,(anonymous_101)
FNDA:16,(anonymous_102)
FNDA:18,(anonymous_103)
FNDA:4,(anonymous_104)
FNDA:4,(anonymous_105)
FNDA:2,(anonymous_106)
FNDA:2,(anonymous_107)
FNDA:2,oa
FNDA:2,(anonymous_109)
FNDA:52,(anonymous_110)
FNDA:0,(anonymous_111)
FNDA:2,(anonymous_112)
FNDA:2,(anonymous_113)
FNDA:0,(anonymous_114)
FNDA:2,(anonymous_115)
FNDA:0,(anonymous_116)
FNDA:0,(anonymous_117)
FNDA:0,(anonymous_118)
FNDA:2,(anonymous_119)
FNDA:2,(anonymous_120)
FNDA:0,(anonymous_121)
FNDA:2,(anonymous_122)
FNDA:2,(anonymous_123)
FNDA:2,(anonymous_124)
FNDA:2,(anonymous_125)
FNDA:2,(anonymous_126)
FNDA:2,(anonymous_127)
FNDA:0,(anonymous_128)
FNDA:2,(anonymous_129)
FNDA:2,(anonymous_130)
FNDA:2,(anonymous_131)
FNDA:2,(anonymous_132)
FNDA:2,(anonymous_133)
FNDA:2,(anonymous_134)
FNDA:0,(anonymous_135)
FNDA:2,(anonymous_136)
FNDA:2,(anonymous_137)
FNDA:0,(anonymous_138)
FNDA:0,(anonymous_139)
FNDA:0,(anonymous_140)
FNDA:2,(anonymous_141)
FNDA:2,(anonymous_142)
FNDA:2,(anonymous_143)
FNDA:0,(anonymous_144)
FNDA:0,(anonymous_145)
FNDA:0,(anonymous_146)
FNDA:0,(anonymous_147)
FNDA:2,(anonymous_148)
FNDA:2,(anonymous_149)
FNDA:0,(anonymous_150)
FNDA:2,(anonymous_151)
FNDA:0,(anonymous_152)
FNDA:2,(anonymous_153)
FNDA:2,(anonymous_154)
FNDA:2,(anonymous_155)
FNDA:2,(anonymous_156)
FNDA:2,(anonymous_157)
FNDA:0,bi
FNDA:0,(anonymous_159)
FNDA:0,xi
FNDA:2,(anonymous_161)
FNDA:0,Ei
FNDA:0,(anonymous_163)
FNDA:0,(anonymous_164)
FNDA:3,(anonymous_165)
FNDA:11,(anonymous_166)
FNDA:0,pe
FNDA:0,Pi
FNDA:2,it
FNDA:0,(anonymous_170)
FNDA:0,Ti
FNDA:0,Zr
FNDA:0,(anonymous_173)
FNDA:0,(anonymous_174)
FNDA:0,(anonymous_175)
FNDA:0,(anonymous_176)
FNDA:0,(anonymous_177)
FNDA:0,(anonymous_178)
FNDA:0,(anonymous_179)
FNDA:0,(anonymous_180)
FNDA:0,(anonymous_181)
FNDA:0,(anonymous_182)
FNDA:0,(anonymous_183)
FNDA:0,(anonymous_184)
FNDA:0,(anonymous_185)
FNDA:0,(anonymous_186)
FNDA:0,(anonymous_187)
FNDA:0,(anonymous_188)
FNDA:0,(anonymous_189)
FNDA:0,(anonymous_190)
FNDA:0,(anonymous_191)
FNDA:0,(anonymous_192)
FNDA:0,(anonymous_193)
FNDA:0,(anonymous_194)
FNDA:0,(anonymous_195)
FNDA:0,(anonymous_196)
FNDA:0,(anonymous_197)
FNDA:0,(anonymous_198)
FNDA:0,(anonymous_199)
FNDA:52,S
FNDA:8,(anonymous_201)
FNDA:0,(anonymous_202)
FNDA:0,(anonymous_203)
FNDA:71,(anonymous_204)
FNDA:71,(anonymous_205)
FNDA:71,(anonymous_206)
FNDA:71,(anonymous_207)
FNDA:0,(anonymous_208)
FNDA:12,Ru
FNDA:0,(anonymous_210)
FNDA:48,(anonymous_211)
FNDA:0,(anonymous_212)
FNDA:0,(anonymous_213)
FNDA:0,(anonymous_214)
FNDA:11,(anonymous_215)
FNDA:0,(anonymous_216)
FNDA:0,ku
FNDA:0,(anonymous_218)
FNDA:0,Oi
FNDA:0,(anonymous_220)
FNDA:0,(anonymous_221)
FNDA:0,Ni
FNDA:3,en
FNDA:0,Vi
FNDA:0,tn
FNDA:0,(anonymous_226)
FNDA:0,(anonymous_227)
FNDA:0,(anonymous_228)
FNDA:0,(anonymous_229)
FNDA:0,(anonymous_230)
FNDA:0,(anonymous_231)
FNDA:0,(anonymous_232)
FNDA:0,(anonymous_233)
FNDA:0,Ou
FNDA:0,rn
FNDA:0,Nu
FNDA:0,Du
FNDA:0,Mu
FNDA:0,se
FNDA:2,nn
FNDA:3,De
FNDA:12,on
FNDA:0,sn
FNDA:0,Wt
FNDA:0,an
FNDA:4,gt
FNDA:0,(anonymous_247)
FNDA:12,Me
FNDA:0,Kt
FNDA:12,Fe
FNDA:0,(anonymous_251)
FNDA:0,(anonymous_252)
FNDA:0,_u
FNDA:0,(anonymous_254)
FNDA:2,(anonymous_255)
FNDA:0,(anonymous_256)
FNDA:0,(anonymous_257)
FNDA:0,(anonymous_258)
FNDA:0,(anonymous_259)
FNDA:0,(anonymous_260)
FNDA:318,(anonymous_261)
FNDA:166,(anonymous_262)
FNDA:160,e
FNDA:24,(anonymous_264)
FNDA:4,(anonymous_265)
FNDA:2,(anonymous_266)
FNDA:158,(anonymous_267)
FNDA:50,e
FNDA:0,(anonymous_269)
FNDA:0,(anonymous_270)
FNDA:0,(anonymous_271)
FNDA:0,(anonymous_272)
FNDA:0,(anonymous_273)
FNDA:0,z
FNDA:0,(anonymous_275)
FNDA:0,(anonymous_276)
FNDA:0,Vu
FNDA:0,Gi
FNDA:0,qu
FNDA:0,(anonymous_280)
FNDA:3,zi
FNDA:3,(anonymous_282)
FNDA:3,(anonymous_283)
FNDA:18,(anonymous_284)
FNDA:3,(anonymous_285)
FNDA:3,(anonymous_286)
FNDA:9,(anonymous_287)
FNDA:36,(anonymous_288)
FNDA:3,(anonymous_289)
FNDA:3,(anonymous_290)
FNDA:12,(anonymous_291)
FNDA:3,(anonymous_292)
FNDA:0,(anonymous_293)
FNDA:3,(anonymous_294)
FNDA:0,(anonymous_295)
FNDA:6,(anonymous_296)
FNDA:12,(anonymous_297)
FNDA:12,(anonymous_298)
FNDA:6,(anonymous_299)
FNDA:3,(anonymous_300)
FNDA:3,(anonymous_301)
FNDA:3,Bu
FNDA:3,Qu
FNDA:3,(anonymous_304)
FNDA:12,(anonymous_305)
FNDA:12,(anonymous_306)
FNDA:3,Ju
FNDA:3,Hu
FNDA:3,Gu
FNDA:3,zu
FNDA:3,Xt
FNDA:0,eo
FNDA:0,(anonymous_313)
FNDA:0,to
FNDA:0,(anonymous_315)
FNDA:0,Wu
FNDA:0,Ku
FNDA:0,Zu
FNDA:0,(anonymous_319)
FNDA:0,Yi
FNDA:0,Xi
FNDA:0,(anonymous_322)
FNDA:0,(anonymous_323)
FNDA:0,(anonymous_324)
FNDA:0,(anonymous_325)
FNDA:0,(anonymous_326)
FNDA:0,(anonymous_327)
FNDA:0,(anonymous_328)
FNDA:0,(anonymous_329)
FNDA:0,(anonymous_330)
FNDA:0,(anonymous_331)
FNDA:0,(anonymous_332)
FNDA:0,(anonymous_333)
FNDA:0,(anonymous_334)
FNDA:0,(anonymous_335)
FNDA:0,(anonymous_336)
FNDA:0,(anonymous_337)
FNDA:0,(anonymous_338)
FNDA:0,(anonymous_339)
FNDA:0,(anonymous_340)
FNDA:0,(anonymous_341)
FNDA:0,(anonymous_342)
FNDA:0,(anonymous_343)
FNDA:0,(anonymous_344)
FNDA:0,(anonymous_345)
FNDA:0,(anonymous_346)
FNDA:0,(anonymous_347)
FNDA:0,(anonymous_348)
FNDA:0,(anonymous_349)
FNDA:0,(anonymous_350)
FNDA:0,(anonymous_351)
FNDA:0,(anonymous_352)
FNDA:0,(anonymous_353)
FNDA:0,(anonymous_354)
FNDA:0,(anonymous_355)
FNDA:0,(anonymous_356)
FNDA:0,(anonymous_357)
FNDA:0,(anonymous_358)
FNDA:0,(anonymous_359)
FNDA:0,(anonymous_360)
FNDA:0,(anonymous_361)
FNDA:0,(anonymous_362)
FNDA:0,(anonymous_363)
FNDA:0,(anonymous_364)
FNDA:0,(anonymous_365)
FNDA:0,(anonymous_366)
FNDA:0,(anonymous_367)
FNDA:0,(anonymous_368)
FNDA:0,(anonymous_369)
FNDA:0,(anonymous_370)
FNDA:0,(anonymous_371)
FNDA:0,(anonymous_372)
FNDA:0,(anonymous_373)
FNDA:0,(anonymous_374)
FNDA:0,(anonymous_375)
FNDA:0,(anonymous_376)
FNDA:0,(anonymous_377)
FNDA:0,(anonymous_378)
FNDA:0,(anonymous_379)
FNDA:0,(anonymous_380)
FNDA:0,(anonymous_381)
FNDA:0,(anonymous_382)
FNDA:0,(anonymous_383)
FNDA:0,(anonymous_384)
FNDA:0,(anonymous_385)
FNDA:0,(anonymous_386)
FNDA:0,(anonymous_387)
FNDA:0,(anonymous_388)
FNDA:0,(anonymous_389)
FNDA:0,(anonymous_390)
FNDA:0,(anonymous_391)
FNDA:0,er
FNDA:0,Yu
FNDA:0,(anonymous_394)
FNDA:0,Xu
FNDA:0,(anonymous_396)
FNDA:0,ec
FNDA:0,(anonymous_398)
FNDA:0,tc
FNDA:0,(anonymous_400)
FNDA:0,rc
FNDA:0,(anonymous_402)
FNDA:0,nc
FNDA:0,(anonymous_404)
FNDA:0,ic
FNDA:0,(anonymous_406)
FNDA:0,oc
FNDA:0,(anonymous_408)
FNDA:0,sc
FNDA:0,(anonymous_410)
FNDA:0,(anonymous_411)
FNDA:0,ac
FNDA:0,(anonymous_413)
FNDA:0,(anonymous_414)
FNDA:0,so
FNDA:0,lc
FNDA:0,(anonymous_417)
FNDA:0,(anonymous_418)
FNDA:0,ao
FNDA:0,uc
FNDA:0,(anonymous_421)
FNDA:0,(anonymous_422)
FNDA:0,cc
FNDA:0,(anonymous_424)
FNDA:0,(anonymous_425)
FNDA:0,pc
FNDA:0,(anonymous_427)
FNDA:0,dc
FNDA:0,(anonymous_429)
FNDA:0,(anonymous_430)
FNDA:0,mc
FNDA:0,(anonymous_432)
FNDA:0,(anonymous_433)
FNDA:0,lo
FNDA:0,fc
FNDA:0,gc
FNDA:0,yc
FNDA:0,uo
FNDA:0,co
FNDA:0,je
FNDA:0,wt
FNDA:0,ir
FNDA:0,wc
FNDA:0,(anonymous_444)
FNDA:0,(anonymous_445)
FNDA:12,Ue
FNDA:0,(anonymous_447)
FNDA:0,(anonymous_448)
FNDA:0,(anonymous_449)
FNDA:0,(anonymous_450)
FNDA:0,(anonymous_451)
FNDA:0,(anonymous_452)
FNDA:0,(anonymous_453)
FNDA:0,(anonymous_454)
FNDA:0,(anonymous_455)
FNDA:0,Be
FNDA:0,fo
FNDA:0,go
FNDA:0,bc
FNDA:0,sr
FNDA:0,ar
FNDA:11,X
FNDA:11,(anonymous_463)
FNDA:0,wo
FNDA:0,xc
FNDA:0,(anonymous_466)
FNDA:0,(anonymous_467)
FNDA:0,(anonymous_468)
FNDA:0,(anonymous_469)
FNDA:0,ho
FNDA:0,(anonymous_471)
FNDA:0,(anonymous_472)
FNDA:0,Ec
FNDA:0,(anonymous_474)
FNDA:0,bo
FNDA:12,xo
FNDA:0,(anonymous_477)
FNDA:0,(anonymous_478)
FNDA:0,(anonymous_479)
FNDA:0,(anonymous_480)
FNDA:0,(anonymous_481)
FNDA:0,(anonymous_482)
FNDA:0,(anonymous_483)
FNDA:0,(anonymous_484)
FNDA:0,(anonymous_485)
FNDA:0,(anonymous_486)
FNDA:0,(anonymous_487)
FNDA:2,(anonymous_488)
FNDA:2,(anonymous_489)
FNDA:0,(anonymous_490)
FNDA:19,(anonymous_491)
FNDA:0,(anonymous_492)
FNDA:12,(anonymous_493)
FNDA:2,(anonymous_494)
FNDA:3,(anonymous_495)
FNDA:0,(anonymous_496)
FNDA:0,(anonymous_497)
FNDA:0,(anonymous_498)
FNDA:12,Eo
FNDA:0,Po
FNDA:2,(anonymous_501)
FNDA:0,(anonymous_502)
FNDA:29,Q
FNDA:11,pr
FNDA:12,Et
FNDA:12,Tc
FNDA:12,Sc
FNDA:1,vc
FNDA:12,Ac
FNDA:0,Cc
FNDA:26,Ao
FNDA:24,Co
FNDA:0,Rc
FNDA:12,kc
FNDA:12,Ic
FNDA:3,mn
FNDA:40,(anonymous_517)
FNDA:0,(anonymous_518)
FNDA:0,(anonymous_519)
FNDA:0,(anonymous_520)
FNDA:0,(anonymous_521)
FNDA:0,(anonymous_522)
FNDA:0,(anonymous_523)
FNDA:12,(anonymous_524)
FNDA:0,(anonymous_525)
FNDA:24,(anonymous_526)
FNDA:12,(anonymous_527)
FNDA:6,(anonymous_528)
FNDA:18,(anonymous_529)
FNDA:3,(anonymous_530)
FNDA:12,(anonymous_531)
FNDA:12,(anonymous_532)
FNDA:26,(anonymous_533)
FNDA:2,Ro
FNDA:0,(anonymous_535)
FNDA:0,(anonymous_536)
FNDA:0,Oc
FNDA:0,fn
FNDA:0,(anonymous_539)
FNDA:0,(anonymous_540)
FNDA:0,(anonymous_541)
FNDA:0,(anonymous_542)
FNDA:0,ko
FNDA:0,(anonymous_544)
FNDA:0,mr
FNDA:3,Tt
FNDA:3,(anonymous_547)
FNDA:0,(anonymous_548)
FNDA:16,$
FNDA:16,(anonymous_550)
FNDA:0,(anonymous_551)
FNDA:5,Ee
FNDA:5,(anonymous_553)
FNDA:11,(anonymous_554)
FNDA:3,(anonymous_555)
FNDA:0,(anonymous_556)
FNDA:10,gr
FNDA:0,(anonymous_558)
FNDA:0,(anonymous_559)
FNDA:0,(anonymous_560)
FNDA:0,(anonymous_561)
FNDA:0,(anonymous_562)
FNDA:5,W
FNDA:22,(anonymous_564)
FNDA:0,(anonymous_565)
FNDA:0,(anonymous_566)
FNDA:5,(anonymous_567)
FNDA:0,(anonymous_568)
FNDA:0,(anonymous_569)
FNDA:0,(anonymous_570)
FNDA:0,(anonymous_571)
FNDA:5,Nc
FNDA:0,Oo
FNDA:0,(anonymous_574)
FNDA:0,Je
FNDA:0,(anonymous_576)
FNDA:0,(anonymous_577)
FNDA:0,(anonymous_578)
FNDA:0,No
FNDA:3,Do
FNDA:35,(anonymous_581)
FNDA:35,Fc
FNDA:5,$c
FNDA:5,qc
FNDA:3,Uc
FNDA:5,Qc
FNDA:0,(anonymous_587)
FNDA:21,(anonymous_588)
FNDA:3,(anonymous_589)
FNDA:12,(anonymous_590)
FNDA:21,me
FNDA:0,He
FNDA:0,(anonymous_593)
FNDA:0,Hc
FNDA:0,yr
FNDA:0,(anonymous_596)
FNDA:0,Fo
FNDA:0,Gc
FNDA:0,zc
FNDA:0,(anonymous_600)
FNDA:0,(anonymous_601)
FNDA:0,_o
FNDA:0,Wc
FNDA:0,Kc
FNDA:0,(anonymous_605)
FNDA:0,(anonymous_606)
FNDA:0,$o
FNDA:0,Lo
FNDA:0,(anonymous_609)
FNDA:0,(anonymous_610)
FNDA:0,(anonymous_611)
FNDA:0,Vo
FNDA:0,(anonymous_613)
FNDA:0,(anonymous_614)
FNDA:8,(anonymous_615)
FNDA:8,(anonymous_616)
FNDA:0,(anonymous_617)
FNDA:0,(anonymous_618)
FNDA:0,(anonymous_619)
FNDA:10,Zc
FNDA:10,Yc
FNDA:10,bn
FNDA:45,(anonymous_623)
FNDA:10,(anonymous_624)
FNDA:10,(anonymous_625)
FNDA:10,Xc
FNDA:45,(anonymous_627)
FNDA:10,(anonymous_628)
FNDA:3,xn
FNDA:0,(anonymous_630)
FNDA:0,(anonymous_631)
FNDA:0,(anonymous_632)
FNDA:3,rp
FNDA:3,(anonymous_634)
FNDA:11,(anonymous_635)
FNDA:11,(anonymous_636)
FNDA:11,(anonymous_637)
FNDA:11,(anonymous_638)
FNDA:1,np
FNDA:3,ip
FNDA:0,(anonymous_641)
FNDA:3,Uo
FNDA:3,(anonymous_643)
FNDA:2,vt
FNDA:0,(anonymous_645)
FNDA:0,(anonymous_646)
FNDA:2,op
FNDA:2,(anonymous_648)
FNDA:0,(anonymous_649)
FNDA:2,sp
FNDA:2,(anonymous_651)
FNDA:3,(anonymous_652)
FNDA:0,(anonymous_653)
FNDA:0,Bo
FNDA:0,Qo
FNDA:0,Jo
FNDA:0,(anonymous_657)
FNDA:0,(anonymous_658)
FNDA:0,ap
FNDA:0,(anonymous_660)
FNDA:0,lp
FNDA:0,(anonymous_662)
FNDA:0,hr
FNDA:0,Ho
FNDA:0,(anonymous_665)
FNDA:8,Go
FNDA:0,(anonymous_667)
FNDA:0,Wo
FNDA:0,cp
FNDA:0,pp
FNDA:0,At
FNDA:0,Zo
FNDA:0,(anonymous_673)
FNDA:0,(anonymous_674)
FNDA:11,Yo
FNDA:2,Xo
FNDA:0,(anonymous_677)
FNDA:0,es
FNDA:0,(anonymous_679)
FNDA:0,(anonymous_680)
FNDA:0,(anonymous_681)
FNDA:0,ts
FNDA:0,(anonymous_683)
FNDA:8,ns
FNDA:0,(anonymous_685)
FNDA:8,dp
FNDA:0,mp
FNDA:0,rs
FNDA:0,T
FNDA:0,Pn
FNDA:0,(anonymous_691)
FNDA:0,Ge
FNDA:0,(anonymous_693)
FNDA:0,is
FNDA:0,os
FNDA:0,ss
FNDA:0,as
FNDA:0,ls
FNDA:0,fe
FNDA:0,(anonymous_700)
FNDA:16,fp
FNDA:13,gp
FNDA:50,K
FNDA:3,yp
FNDA:4,wr
FNDA:3,(anonymous_706)
FNDA:0,(anonymous_707)
FNDA:4,ze
FNDA:0,Sn
FNDA:1,hp
FNDA:1,cs
FNDA:1,Tn
FNDA:1,(anonymous_713)
FNDA:0,wp
FNDA:0,bp
FNDA:0,xp
FNDA:0,ps
FNDA:0,(anonymous_718)
FNDA:0,(anonymous_719)
FNDA:0,(anonymous_720)
FNDA:0,(anonymous_721)
FNDA:0,(anonymous_722)
FNDA:0,(anonymous_723)
FNDA:13,Ep
FNDA:8,gs
FNDA:9,An
FNDA:0,(anonymous_727)
FNDA:7,(anonymous_728)
FNDA:13,ms
FNDA:34,Pp
FNDA:0,(anonymous_731)
FNDA:34,vn
FNDA:3,Sp
FNDA:213,J
FNDA:0,(anonymous_735)
FNDA:0,(anonymous_736)
FNDA:0,vp
FNDA:0,(anonymous_738)
FNDA:0,(anonymous_739)
FNDA:0,br
FNDA:0,ys
FNDA:0,hs
FNDA:2,(anonymous_743)
FNDA:0,Ap
FNDA:12,xr
FNDA:0,(anonymous_746)
FNDA:4,Te
FNDA:2,Cp
FNDA:46,(anonymous_749)
FNDA:0,Cn
FNDA:0,Er
FNDA:2,Rn
FNDA:0,o
FNDA:0,s
FNDA:0,a
FNDA:0,wd
FNDA:0,Ln
FNDA:2,(anonymous_758)
FNDA:0,(anonymous_759)
FNDA:0,xd
FNDA:0,Ed
FNDA:0,(anonymous_762)
FNDA:0,(anonymous_763)
FNDA:0,(anonymous_764)
FNDA:0,Pd
FNDA:0,Td
FNDA:0,Sd
FNDA:0,vd
FNDA:0,ya
FNDA:0,vr
FNDA:0,Ye
FNDA:0,Ad
FNDA:0,Cd
FNDA:0,Rd
FNDA:0,ba
FNDA:2,(anonymous_776)
FNDA:11,(anonymous_777)
FNDA:10,(anonymous_778)
FNDA:2,(anonymous_779)
FNDA:0,(anonymous_780)
FNDA:0,(anonymous_781)
FNDA:0,(anonymous_782)
FNDA:0,(anonymous_783)
FNDA:0,(anonymous_784)
FNDA:0,(anonymous_785)
FNDA:0,(anonymous_786)
FNDA:0,(anonymous_787)
FNDA:0,(anonymous_788)
FNDA:0,kr
FNDA:0,kd
FNDA:0,Pa
FNDA:0,Id
FNDA:0,(anonymous_793)
FNDA:0,Od
FNDA:0,Nd
FNDA:0,(anonymous_796)
FNDA:0,(anonymous_797)
FNDA:0,Ea
FNDA:0,(anonymous_799)
FNDA:1,Xe
FNDA:1,(anonymous_801)
FNDA:73,Wn
FNDA:39,Kn
FNDA:12,Xn
FNDA:33,(anonymous_805)
FNDA:12,(anonymous_806)
FNDA:35,H
FNDA:0,(anonymous_808)
FNDA:0,(anonymous_809)
FNDA:12,Dd
FNDA:70,Md
FNDA:0,(anonymous_812)
FNDA:0,(anonymous_813)
FNDA:0,(anonymous_814)
FNDA:33,Zn
FNDA:0,Fd
FNDA:54,_d
FNDA:36,Yn
FNDA:103,Ta
FNDA:12,$d
FNDA:0,(anonymous_821)
FNDA:0,(anonymous_822)
FNDA:0,(anonymous_823)
FNDA:0,(anonymous_824)
FNDA:0,(anonymous_825)
FNDA:0,Ld
FNDA:11,Sa
FNDA:13,(anonymous_828)
FNDA:34,(anonymous_829)
FNDA:0,va
FNDA:0,(anonymous_831)
FNDA:0,(anonymous_832)
FNDA:0,(anonymous_833)
FNDA:0,_t
FNDA:0,(anonymous_835)
FNDA:0,(anonymous_836)
FNDA:0,(anonymous_837)
FNDA:0,(anonymous_838)
FNDA:0,Vd
FNDA:5,Aa
FNDA:5,(anonymous_841)
FNDA:5,ei
FNDA:2,qd
FNDA:2,jd
FNDA:2,(anonymous_845)
FNDA:2,(anonymous_846)
FNDA:11,(anonymous_847)
FNDA:3,(anonymous_848)
FNDA:58,(anonymous_849)
FNDA:0,(anonymous_850)
FNDA:0,(anonymous_851)
FNDA:0,(anonymous_852)
FNDA:0,(anonymous_853)
FNDA:0,(anonymous_854)
FNDA:0,(anonymous_855)
FNDA:0,(anonymous_856)
FNDA:0,(anonymous_857)
FNDA:12,(anonymous_858)
FNDA:1,(anonymous_859)
FNDA:1,(anonymous_860)
FNDA:0,(anonymous_861)
FNDA:0,(anonymous_862)
FNDA:0,Ca
FNDA:0,ti
FNDA:0,ee
FNDA:1,Lt
FNDA:1,ka
FNDA:0,(anonymous_868)
FNDA:1,Ud
FNDA:1,(anonymous_870)
FNDA:1,(anonymous_871)
FNDA:0,Bd
FNDA:0,r
FNDA:0,Qd
FNDA:0,Jd
FNDA:12,Ra
FNDA:0,Ia
FNDA:12,ri
FNDA:0,Hd
FNDA:0,Oa
FNDA:0,Na
FNDA:0,(anonymous_882)
FNDA:0,(anonymous_883)
FNDA:0,(anonymous_884)
FNDA:0,(anonymous_885)
FNDA:0,(anonymous_886)
FNDA:0,(anonymous_887)
FNDA:0,(anonymous_888)
FNDA:0,(anonymous_889)
FNDA:0,(anonymous_890)
FNDA:0,(anonymous_891)
FNDA:0,(anonymous_892)
FNDA:0,(anonymous_893)
FNDA:0,(anonymous_894)
FNDA:2,(anonymous_895)
FNDA:0,(anonymous_896)
FNDA:0,(anonymous_897)
FNDA:0,(anonymous_898)
FNDA:0,(anonymous_899)
FNDA:0,(anonymous_900)
FNDA:0,(anonymous_901)
FNDA:0,(anonymous_902)
FNDA:0,(anonymous_903)
FNDA:0,(anonymous_904)
FNDA:0,(anonymous_905)
FNDA:0,(anonymous_906)
FNDA:0,(anonymous_907)
FNDA:0,(anonymous_908)
FNDA:0,(anonymous_909)
FNDA:0,(anonymous_910)
FNDA:0,(anonymous_911)
FNDA:0,(anonymous_912)
FNDA:0,(anonymous_913)
FNDA:0,(anonymous_914)
FNDA:0,(anonymous_915)
FNDA:0,(anonymous_916)
FNDA:0,(anonymous_917)
FNDA:0,(anonymous_918)
FNDA:0,(anonymous_919)
FNDA:0,(anonymous_920)
FNDA:0,(anonymous_921)
FNDA:0,(anonymous_922)
FNDA:0,(anonymous_923)
FNDA:0,(anonymous_924)
FNDA:0,(anonymous_925)
FNDA:0,(anonymous_926)
FNDA:0,(anonymous_927)
FNDA:0,(anonymous_928)
FNDA:0,Da
FNDA:2,Ma
FNDA:2,Yd
FNDA:2,(anonymous_932)
FNDA:2,(anonymous_933)
FNDA:2,(anonymous_934)
FNDA:2,(anonymous_935)
FNDA:0,(anonymous_936)
FNDA:11,(anonymous_937)
FNDA:24,(anonymous_938)
FNDA:12,(anonymous_939)
FNDA:26,(anonymous_940)
FNDA:1,(anonymous_941)
FNDA:0,(anonymous_942)
FNDA:0,(anonymous_943)
FNDA:40,ne
FNDA:14,we
FNDA:0,$a
FNDA:0,(anonymous_947)
FNDA:0,(anonymous_948)
FNDA:0,La
FNDA:0,(anonymous_950)
FNDA:0,em
FNDA:0,_a
FNDA:0,Va
FNDA:0,qa
FNDA:0,(anonymous_955)
FNDA:0,ja
FNDA:0,(anonymous_957)
FNDA:0,Ba
FNDA:0,Qa
FNDA:2,(anonymous_960)
FNDA:2,(anonymous_961)
FNDA:2,(anonymous_962)
FNDA:11,(anonymous_963)
FNDA:0,(anonymous_964)
FNDA:0,(anonymous_965)
FNDA:0,(anonymous_966)
FNDA:0,(anonymous_967)
FNDA:0,(anonymous_968)
FNDA:26,$r
FNDA:0,Ja
FNDA:0,Ha
FNDA:11,za
FNDA:0,Wa
FNDA:11,(anonymous_974)
FNDA:11,(anonymous_975)
FNDA:11,(anonymous_976)
FNDA:0,(anonymous_977)
FNDA:0,(anonymous_978)
FNDA:0,(anonymous_979)
FNDA:0,(anonymous_980)
FNDA:14,Ga
FNDA:14,Ka
FNDA:14,rm
FNDA:14,nm
FNDA:14,ii
FNDA:14,Za
FNDA:0,Ya
FNDA:0,sm
FNDA:0,am
FNDA:0,Xa
FNDA:0,lm
FNDA:0,um
FNDA:0,el
FNDA:2,(anonymous_994)
FNDA:11,(anonymous_995)
FNDA:7,(anonymous_996)
FNDA:0,(anonymous_997)
FNDA:0,(anonymous_998)
FNDA:0,(anonymous_999)
FNDA:0,(anonymous_1000)
FNDA:0,(anonymous_1001)
FNDA:0,(anonymous_1002)
FNDA:0,tl
FNDA:0,cm
FNDA:0,rl
FNDA:0,(anonymous_1006)
FNDA:0,pm
FNDA:0,(anonymous_1008)
FNDA:0,(anonymous_1009)
FNDA:0,(anonymous_1010)
FNDA:0,nl
FNDA:0,(anonymous_1012)
FNDA:0,il
FNDA:0,(anonymous_1014)
FNDA:0,(anonymous_1015)
FNDA:0,dm
FNDA:0,oi
FNDA:0,(anonymous_1018)
FNDA:0,(anonymous_1019)
FNDA:0,(anonymous_1020)
FNDA:0,(anonymous_1021)
FNDA:0,(anonymous_1022)
FNDA:0,(anonymous_1023)
FNDA:0,(anonymous_1024)
FNDA:0,(anonymous_1025)
FNDA:0,(anonymous_1026)
FNDA:0,(anonymous_1027)
FNDA:2,(anonymous_1028)
FNDA:2,(anonymous_1029)
FNDA:0,(anonymous_1030)
FNDA:2,(anonymous_1031)
FNDA:0,(anonymous_1032)
FNDA:0,(anonymous_1033)
FNDA:0,(anonymous_1034)
FNDA:2,(anonymous_1035)
FNDA:2,(anonymous_1036)
FNDA:0,(anonymous_1037)
FNDA:0,(anonymous_1038)
FNDA:0,(anonymous_1039)
FNDA:0,(anonymous_1040)
FNDA:0,(anonymous_1041)
FNDA:0,(anonymous_1042)
FNDA:0,(anonymous_1043)
FNDA:0,(anonymous_1044)
FNDA:11,(anonymous_1045)
FNDA:0,(anonymous_1046)
FNDA:0,(anonymous_1047)
FNDA:0,(anonymous_1048)
FNDA:0,(anonymous_1049)
FNDA:0,(anonymous_1050)
FNDA:0,(anonymous_1051)
FNDA:0,(anonymous_1052)
FNDA:0,(anonymous_1053)
FNDA:7,(anonymous_1054)
FNDA:7,(anonymous_1055)
FNDA:0,(anonymous_1056)
FNDA:0,(anonymous_1057)
FNDA:0,(anonymous_1058)
FNDA:7,(anonymous_1059)
FNDA:7,(anonymous_1060)
FNDA:7,(anonymous_1061)
FNDA:0,ul
FNDA:11,cl
FNDA:0,pl
FNDA:2,ml
FNDA:0,(anonymous_1066)
FNDA:0,(anonymous_1067)
FNDA:0,(anonymous_1068)
FNDA:0,tt
FNDA:0,yl
FNDA:0,(anonymous_1071)
FNDA:0,bl
FNDA:0,(anonymous_1073)
FNDA:0,fm
FNDA:0,xl
FNDA:0,hl
FNDA:0,ui
FNDA:0,(anonymous_1078)
FNDA:0,(anonymous_1079)
FNDA:0,(anonymous_1080)
FNDA:0,(anonymous_1081)
FNDA:0,(anonymous_1082)
FNDA:0,(anonymous_1083)
FNDA:2,pi
FNDA:11,(anonymous_1085)
FNDA:11,(anonymous_1086)
FNDA:0,(anonymous_1087)
FNDA:11,(anonymous_1088)
FNDA:0,(anonymous_1089)
FNDA:0,(anonymous_1090)
FNDA:0,(anonymous_1091)
FNDA:11,vl
FNDA:76,Rl
FNDA:12,(anonymous_1094)
FNDA:11,(anonymous_1095)
FNDA:0,(anonymous_1096)
FNDA:22,(anonymous_1097)
FNDA:31,(anonymous_1098)
FNDA:12,(anonymous_1099)
FNDA:11,(anonymous_1100)
FNDA:0,(anonymous_1101)
FNDA:22,(anonymous_1102)
FNDA:31,(anonymous_1103)
FNDA:76,(anonymous_1104)
FNDA:2,kl
FNDA:0,Il
FNDA:0,(anonymous_1107)
FNDA:0,(anonymous_1108)
FNDA:0,(anonymous_1109)
FNDA:0,Ol
FNDA:0,(anonymous_1111)
FNDA:11,fi
FNDA:21,mi
FNDA:29,(anonymous_1114)
FNDA:11,gi
FNDA:2,(anonymous_1116)
FNDA:11,(anonymous_1117)
FNDA:6,(anonymous_1118)
FNDA:6,(anonymous_1119)
FNDA:6,(anonymous_1120)
FNDA:5,(anonymous_1121)
FNDA:1,(anonymous_1122)
FNDA:0,(anonymous_1123)
FNDA:0,(anonymous_1124)
FNDA:0,(anonymous_1125)
FNDA:0,(anonymous_1126)
FNDA:0,(anonymous_1127)
FNDA:0,Ie
FNDA:0,(anonymous_1129)
FNDA:0,(anonymous_1130)
FNDA:0,(anonymous_1131)
FNDA:0,(anonymous_1132)
FNDA:0,(anonymous_1133)
FNDA:0,(anonymous_1134)
FNDA:0,Hr
FNDA:0,Pm
FNDA:2,(anonymous_1137)
FNDA:0,(anonymous_1138)
FNDA:0,(anonymous_1139)
FNDA:0,(anonymous_1140)
FNDA:0,(anonymous_1141)
FNDA:11,(anonymous_1142)
FNDA:11,(anonymous_1143)
FNDA:0,(anonymous_1144)
FNDA:11,(anonymous_1145)
FNDA:8,(anonymous_1146)
FNDA:3,(anonymous_1147)
FNDA:3,(anonymous_1148)
FNDA:3,(anonymous_1149)
FNDA:8,(anonymous_1150)
FNDA:0,(anonymous_1151)
FNDA:0,(anonymous_1152)
FNDA:0,Sm
FNDA:0,Ml
FNDA:3,vm
FNDA:3,Am
FNDA:0,Fl
FNDA:0,(anonymous_1158)
FNDA:0,(anonymous_1159)
FNDA:2,(anonymous_1160)
FNDA:0,(anonymous_1161)
FNDA:0,(anonymous_1162)
FNDA:0,(anonymous_1163)
FNDA:0,t
FNDA:0,(anonymous_1165)
FNDA:0,(anonymous_1166)
FNDA:0,(anonymous_1167)
FNDA:0,(anonymous_1168)
FNDA:0,(anonymous_1169)
FNDA:0,(anonymous_1170)
FNDA:2,Rm
FNDA:2,jl
FNDA:0,Ut
FNDA:0,km
FNDA:0,(anonymous_1175)
FNDA:0,(anonymous_1176)
FNDA:0,Im
FNDA:0,Vl
FNDA:0,(anonymous_1179)
FNDA:0,Om
FNDA:0,(anonymous_1181)
FNDA:0,(anonymous_1182)
FNDA:0,(anonymous_1183)
FNDA:0,(anonymous_1184)
FNDA:0,Bl
FNDA:0,(anonymous_1186)
FNDA:0,(anonymous_1187)
FNDA:0,(anonymous_1188)
FNDA:0,(anonymous_1189)
FNDA:0,(anonymous_1190)
FNDA:11,(anonymous_1191)
FNDA:10,(anonymous_1192)
FNDA:0,Ql
FNDA:0,Dm
FNDA:0,Mm
FNDA:0,Fm
FNDA:0,(anonymous_1197)
FNDA:2,Kl
FNDA:2,(anonymous_1199)
FNDA:3,(anonymous_1200)
FNDA:0,(anonymous_1201)
FNDA:0,(anonymous_1202)
FNDA:0,(anonymous_1203)
FNDA:0,(anonymous_1204)
FNDA:0,(anonymous_1205)
FNDA:0,(anonymous_1206)
FNDA:0,(anonymous_1207)
FNDA:0,(anonymous_1208)
FNDA:0,(anonymous_1209)
FNDA:0,(anonymous_1210)
FNDA:0,(anonymous_1211)
FNDA:0,(anonymous_1212)
FNDA:0,(anonymous_1213)
FNDA:0,(anonymous_1214)
FNDA:0,(anonymous_1215)
FNDA:0,(anonymous_1216)
FNDA:0,(anonymous_1217)
FNDA:0,(anonymous_1218)
FNDA:0,(anonymous_1219)
FNDA:0,(anonymous_1220)
FNDA:0,(anonymous_1221)
FNDA:0,(anonymous_1222)
FNDA:0,(anonymous_1223)
FNDA:0,(anonymous_1224)
FNDA:0,(anonymous_1225)
FNDA:0,(anonymous_1226)
FNDA:0,(anonymous_1227)
FNDA:0,(anonymous_1228)
FNDA:0,(anonymous_1229)
FNDA:0,(anonymous_1230)
FNDA:0,(anonymous_1231)
FNDA:0,(anonymous_1232)
FNDA:0,(anonymous_1233)
FNDA:0,(anonymous_1234)
FNDA:11,(anonymous_1235)
FNDA:11,(anonymous_1236)
FNDA:11,(anonymous_1237)
FNDA:11,(anonymous_1238)
FNDA:11,(anonymous_1239)
FNDA:11,(anonymous_1240)
FNDA:0,(anonymous_1241)
FNDA:0,Jl
FNDA:0,$m
FNDA:2,Zl
FNDA:0,(anonymous_1245)
FNDA:0,(anonymous_1246)
FNDA:0,(anonymous_1247)
FNDA:0,(anonymous_1248)
FNDA:0,(anonymous_1249)
FNDA:0,(anonymous_1250)
FNDA:0,(anonymous_1251)
FNDA:0,Jm
FNDA:0,(anonymous_1253)
FNDA:0,Yl
DA:5,12000
DA:6,318
DA:7,3
DA:8,0
DA:9,3
DA:10,15
DA:11,3
DA:12,2
DA:13,12
DA:14,130
DA:15,7716
DA:16,0
DA:17,2
DA:20,0
DA:52,0
DA:61,27
DA:62,11
DA:69,76
DA:70,2
DA:74,11
DA:79,11
DA:80,2
LF:22
LH:18
BRDA:5,0,0,4
BRDA:5,0,1,4
BRDA:5,1,0,30
BRDA:5,1,1,26
BRDA:5,2,0,24
BRDA:5,2,1,0
BRDA:5,3,0,24
BRDA:5,3,1,24
BRDA:5,3,2,10
BRDA:5,4,0,544
BRDA:5,4,1,542
BRDA:5,4,2,542
BRDA:5,5,0,542
BRDA:5,5,1,542
BRDA:5,6,0,22
BRDA:5,6,1,0
BRDA:5,7,0,20
BRDA:5,7,1,2
BRDA:5,8,0,22
BRDA:5,8,1,16
BRDA:5,8,2,16
BRDA:5,9,0,3
BRDA:5,9,1,0
BRDA:5,10,0,0
BRDA:5,11,0,0
BRDA:5,11,1,0
BRDA:5,12,0,0
BRDA:5,12,1,0
BRDA:5,13,0,0
BRDA:5,13,1,0
BRDA:5,14,0,0
BRDA:5,14,1,0
BRDA:5,15,0,0
BRDA:5,15,1,0
BRDA:5,16,0,0
BRDA:5,17,0,0
BRDA:5,17,1,0
BRDA:5,18,0,0
BRDA:5,18,1,0
BRDA:5,19,0,0
BRDA:5,19,1,0
BRDA:5,20,0,0
BRDA:5,20,1,0
BRDA:5,21,0,0
BRDA:5,21,1,0
BRDA:5,22,0,0
BRDA:5,22,1,0
BRDA:5,23,0,0
BRDA:5,23,1,0
BRDA:5,24,0,0
BRDA:5,24,1,0
BRDA:5,25,0,0
BRDA:5,25,1,0
BRDA:5,26,0,0
BRDA:5,26,1,0
BRDA:5,27,0,0
BRDA:5,27,1,0
BRDA:5,28,0,0
BRDA:5,28,1,0
BRDA:5,29,0,0
BRDA:5,29,1,0
BRDA:5,30,0,0
BRDA:5,30,1,0
BRDA:5,31,0,0
BRDA:5,31,1,0
BRDA:5,32,0,0
BRDA:5,32,1,0
BRDA:5,33,0,0
BRDA:5,33,1,0
BRDA:5,34,0,0
BRDA:5,34,1,22
BRDA:5,35,0,22
BRDA:5,35,1,22
BRDA:5,36,0,8
BRDA:5,36,1,0
BRDA:5,36,2,0
BRDA:5,37,0,0
BRDA:5,37,1,8
BRDA:5,38,0,0
BRDA:5,38,1,8
BRDA:5,39,0,8
BRDA:5,39,1,0
BRDA:5,40,0,0
BRDA:5,40,1,0
BRDA:5,41,0,0
BRDA:5,41,1,0
BRDA:5,42,0,2
BRDA:5,43,0,0
BRDA:5,43,1,4
BRDA:5,44,0,0
BRDA:5,44,1,4
BRDA:5,45,0,4
BRDA:5,45,1,2
BRDA:5,46,0,0
BRDA:5,46,1,2
BRDA:5,47,0,0
BRDA:5,48,0,48
BRDA:5,48,1,0
BRDA:5,49,0,0
BRDA:5,50,0,2
BRDA:5,50,1,0
BRDA:5,51,0,2
BRDA:5,51,1,2
BRDA:5,51,2,2
BRDA:5,52,0,0
BRDA:5,52,1,0
BRDA:5,53,0,0
BRDA:5,53,1,0
BRDA:5,53,2,0
BRDA:5,54,0,0
BRDA:5,54,1,0
BRDA:5,54,2,0
BRDA:5,55,0,2
BRDA:5,55,1,0
BRDA:5,56,0,0
BRDA:5,56,1,0
BRDA:5,57,0,0
BRDA:5,57,1,0
BRDA:5,58,0,0
BRDA:5,58,1,0
BRDA:5,59,0,0
BRDA:5,59,1,0
BRDA:5,60,0,0
BRDA:5,60,1,0
BRDA:5,61,0,0
BRDA:5,61,1,0
BRDA:5,62,0,0
BRDA:5,62,1,0
BRDA:5,63,0,0
BRDA:5,63,1,0
BRDA:5,64,0,0
BRDA:5,64,1,0
BRDA:5,65,0,0
BRDA:5,65,1,0
BRDA:5,66,0,0
BRDA:5,66,1,0
BRDA:5,66,2,0
BRDA:5,67,0,0
BRDA:5,67,1,2
BRDA:5,68,0,4
BRDA:5,68,1,2
BRDA:5,69,0,0
BRDA:5,69,1,0
BRDA:5,70,0,0
BRDA:5,70,1,0
BRDA:5,71,0,0
BRDA:5,72,0,0
BRDA:5,72,1,0
BRDA:5,73,0,0
BRDA:5,73,1,0
BRDA:5,74,0,0
BRDA:5,74,1,0
BRDA:5,75,0,0
BRDA:5,75,1,0
BRDA:5,76,0,336
BRDA:5,76,1,172
BRDA:5,77,0,2400
BRDA:5,77,1,4560
BRDA:5,78,0,2400
BRDA:5,78,1,4560
BRDA:5,79,0,0
BRDA:5,80,0,18
BRDA:5,81,0,22
BRDA:5,82,0,0
BRDA:5,82,1,22
BRDA:5,83,0,22
BRDA:5,83,1,22
BRDA:5,84,0,10
BRDA:5,84,1,0
BRDA:5,85,0,10
BRDA:5,85,1,0
BRDA:5,86,0,10
BRDA:5,86,1,8
BRDA:5,87,0,0
BRDA:5,87,1,2
BRDA:5,88,0,2
BRDA:5,88,1,0
BRDA:5,88,2,0
BRDA:5,89,0,2
BRDA:5,89,1,0
BRDA:5,90,0,0
BRDA:5,90,1,0
BRDA:5,91,0,0
BRDA:5,91,1,2
BRDA:5,92,0,0
BRDA:5,92,1,0
BRDA:5,93,0,0
BRDA:5,94,0,4
BRDA:5,94,1,0
BRDA:5,95,0,0
BRDA:5,96,0,0
BRDA:5,97,0,0
BRDA:5,98,0,0
BRDA:5,99,0,2
BRDA:5,100,0,2
BRDA:5,100,1,0
BRDA:5,101,0,0
BRDA:5,101,1,0
BRDA:5,102,0,0
BRDA:5,103,0,2
BRDA:5,103,1,0
BRDA:5,104,0,2
BRDA:5,105,0,2
BRDA:5,106,0,2
BRDA:5,107,0,2
BRDA:5,108,0,2
BRDA:5,109,0,0
BRDA:5,110,0,0
BRDA:5,111,0,0
BRDA:5,112,0,0
BRDA:5,112,1,0
BRDA:5,113,0,0
BRDA:5,113,1,0
BRDA:5,113,2,0
BRDA:5,113,3,0
BRDA:5,114,0,0
BRDA:5,114,1,0
BRDA:5,115,0,8
BRDA:5,115,1,3
BRDA:5,116,0,0
BRDA:5,116,1,0
BRDA:5,117,0,2
BRDA:5,117,1,2
BRDA:5,118,0,2
BRDA:5,118,1,0
BRDA:5,119,0,2
BRDA:5,119,1,2
BRDA:5,120,0,2
BRDA:5,120,1,2
BRDA:5,120,2,2
BRDA:5,120,3,2
BRDA:5,120,4,2
BRDA:5,120,5,0
BRDA:5,121,0,0
BRDA:5,121,1,8
BRDA:5,122,0,8
BRDA:5,122,1,8
BRDA:5,123,0,0
BRDA:5,123,1,8
BRDA:5,124,0,2
BRDA:5,124,1,0
BRDA:5,125,0,2
BRDA:5,125,1,2
BRDA:5,126,0,0
BRDA:5,126,1,2
BRDA:5,127,0,0
BRDA:5,127,1,0
BRDA:5,128,0,71
BRDA:5,128,1,0
BRDA:5,129,0,71
BRDA:5,129,1,0
BRDA:5,130,0,71
BRDA:5,130,1,0
BRDA:5,131,0,71
BRDA:5,131,1,0
BRDA:5,132,0,71
BRDA:5,132,1,0
BRDA:5,133,0,0
BRDA:5,133,1,0
BRDA:5,134,0,0
BRDA:5,134,1,48
BRDA:5,135,0,48
BRDA:5,135,1,48
BRDA:5,136,0,48
BRDA:5,136,1,0
BRDA:5,137,0,48
BRDA:5,137,1,48
BRDA:5,138,0,0
BRDA:5,138,1,0
BRDA:5,139,0,0
BRDA:5,139,1,0
BRDA:5,140,0,0
BRDA:5,141,0,0
BRDA:5,141,1,0
BRDA:5,142,0,0
BRDA:5,142,1,0
BRDA:5,143,0,0
BRDA:5,143,1,0
BRDA:5,144,0,0
BRDA:5,144,1,0
BRDA:5,145,0,0
BRDA:5,146,0,0
BRDA:5,146,1,0
BRDA:6,147,0,0
BRDA:6,147,1,0
BRDA:6,148,0,3
BRDA:6,148,1,0
BRDA:6,149,0,0
BRDA:6,149,1,0
BRDA:6,150,0,0
BRDA:6,150,1,0
BRDA:6,151,0,0
BRDA:6,151,1,0
BRDA:6,151,2,0
BRDA:6,152,0,0
BRDA:6,152,1,0
BRDA:6,153,0,2
BRDA:6,154,0,2
BRDA:6,155,0,0
BRDA:6,155,1,2
BRDA:6,156,0,0
BRDA:6,156,1,3
BRDA:6,157,0,12
BRDA:6,157,1,0
BRDA:6,158,0,0
BRDA:6,158,1,0
BRDA:6,159,0,0
BRDA:6,159,1,0
BRDA:6,160,0,0
BRDA:6,160,1,0
BRDA:6,161,0,12
BRDA:6,161,1,12
BRDA:6,162,0,0
BRDA:6,162,1,12
BRDA:6,163,0,12
BRDA:6,163,1,12
BRDA:6,163,2,12
BRDA:6,163,3,0
BRDA:6,163,4,0
BRDA:6,163,5,0
BRDA:6,164,0,2
BRDA:6,164,1,2
BRDA:6,165,0,2
BRDA:6,165,1,0
BRDA:6,166,0,2
BRDA:6,166,1,0
BRDA:6,167,0,0
BRDA:6,167,1,0
BRDA:6,168,0,0
BRDA:6,168,1,0
BRDA:6,169,0,166
BRDA:6,169,1,48
BRDA:6,170,0,50
BRDA:6,170,1,10
BRDA:6,170,2,100
BRDA:6,171,0,160
BRDA:6,171,1,4
BRDA:6,172,0,8
BRDA:6,172,1,42
BRDA:6,173,0,132
BRDA:6,173,1,132
BRDA:6,174,0,0
BRDA:6,174,1,10
BRDA:6,175,0,2
BRDA:6,175,1,2
BRDA:6,176,0,18
BRDA:6,176,1,0
BRDA:6,177,0,2
BRDA:6,177,1,16
BRDA:6,178,0,8
BRDA:6,178,1,8
BRDA:6,179,0,18
BRDA:6,179,1,18
BRDA:6,180,0,158
BRDA:6,180,1,8
BRDA:6,180,2,8
BRDA:6,181,0,50
BRDA:6,181,1,2
BRDA:6,182,0,158
BRDA:6,182,1,0
BRDA:6,183,0,158
BRDA:6,183,1,134
BRDA:6,184,0,38
BRDA:6,184,1,120
BRDA:6,185,0,158
BRDA:6,185,1,48
BRDA:6,186,0,120
BRDA:6,186,1,10
BRDA:6,186,2,10
BRDA:6,187,0,0
BRDA:6,187,1,0
BRDA:6,188,0,0
BRDA:6,188,1,0
BRDA:6,189,0,0
BRDA:6,189,1,0
BRDA:6,190,0,0
BRDA:6,190,1,0
BRDA:6,191,0,0
BRDA:6,191,1,0
BRDA:6,192,0,0
BRDA:6,192,1,0
BRDA:6,193,0,0
BRDA:6,193,1,0
BRDA:6,194,0,0
BRDA:6,194,1,0
BRDA:6,195,0,0
BRDA:6,195,1,0
BRDA:6,196,0,0
BRDA:6,196,1,0
BRDA:6,197,0,0
BRDA:6,197,1,0
BRDA:6,198,0,0
BRDA:6,198,1,0
BRDA:6,199,0,0
BRDA:6,199,1,0
BRDA:6,200,0,0
BRDA:6,200,1,0
BRDA:6,200,2,0
BRDA:6,200,3,0
BRDA:6,201,0,0
BRDA:6,201,1,0
BRDA:6,202,0,0
BRDA:6,202,1,0
BRDA:6,203,0,0
BRDA:6,203,1,0
BRDA:6,204,0,0
BRDA:6,204,1,0
BRDA:6,205,0,0
BRDA:6,205,1,0
BRDA:6,206,0,0
BRDA:6,206,1,0
BRDA:6,207,0,0
BRDA:6,207,1,0
BRDA:6,208,0,0
BRDA:6,208,1,0
BRDA:6,209,0,0
BRDA:6,209,1,0
BRDA:6,210,0,0
BRDA:6,210,1,0
BRDA:6,211,0,0
BRDA:6,211,1,0
BRDA:6,212,0,0
BRDA:6,212,1,0
BRDA:6,213,0,0
BRDA:6,213,1,0
BRDA:6,214,0,0
BRDA:6,214,1,0
BRDA:6,215,0,0
BRDA:6,215,1,0
BRDA:6,216,0,2
BRDA:6,216,1,0
BRDA:6,217,0,0
BRDA:6,217,1,0
BRDA:6,218,0,0
BRDA:6,218,1,0
BRDA:6,219,0,0
BRDA:6,219,1,0
BRDA:6,220,0,0
BRDA:6,220,1,0
BRDA:6,221,0,0
BRDA:6,221,1,3
BRDA:6,222,0,3
BRDA:6,222,1,3
BRDA:6,223,0,3
BRDA:6,223,1,9
BRDA:10,224,0,3
BRDA:10,224,1,3
BRDA:10,225,0,0
BRDA:10,225,1,3
BRDA:10,226,0,3
BRDA:10,226,1,3
BRDA:10,226,2,3
BRDA:10,227,0,0
BRDA:10,227,1,3
BRDA:10,228,0,3
BRDA:10,228,1,3
BRDA:10,228,2,3
BRDA:10,229,0,3
BRDA:10,229,1,0
BRDA:10,230,0,3
BRDA:10,230,1,3
BRDA:10,231,0,0
BRDA:10,231,1,3
BRDA:10,232,0,3
BRDA:10,232,1,3
BRDA:10,233,0,0
BRDA:10,233,1,3
BRDA:10,234,0,3
BRDA:10,234,1,0
BRDA:10,235,0,3
BRDA:10,235,1,12
BRDA:10,236,0,3
BRDA:10,236,1,0
BRDA:10,237,0,3
BRDA:10,237,1,0
BRDA:10,238,0,0
BRDA:10,238,1,3
BRDA:10,239,0,3
BRDA:10,239,1,3
BRDA:10,240,0,3
BRDA:10,240,1,0
BRDA:10,241,0,3
BRDA:10,241,1,0
BRDA:10,242,0,0
BRDA:10,242,1,0
BRDA:11,243,0,3
BRDA:11,243,1,3
BRDA:11,244,0,3
BRDA:11,244,1,3
BRDA:11,245,0,0
BRDA:11,245,1,3
BRDA:11,246,0,0
BRDA:11,246,1,0
BRDA:11,247,0,0
BRDA:11,247,1,0
BRDA:11,248,0,0
BRDA:11,248,1,0
BRDA:11,249,0,0
BRDA:11,249,1,0
BRDA:11,250,0,0
BRDA:11,250,1,0
BRDA:11,251,0,0
BRDA:11,251,1,0
BRDA:11,252,0,0
BRDA:11,252,1,0
BRDA:11,253,0,0
BRDA:11,253,1,0
BRDA:11,253,2,0
BRDA:11,253,3,0
BRDA:11,253,4,0
BRDA:11,254,0,0
BRDA:11,254,1,0
BRDA:11,255,0,0
BRDA:11,255,1,0
BRDA:11,256,0,0
BRDA:11,256,1,0
BRDA:11,257,0,0
BRDA:11,258,0,0
BRDA:11,258,1,0
BRDA:11,259,0,0
BRDA:11,260,0,0
BRDA:11,260,1,0
BRDA:11,261,0,0
BRDA:11,261,1,0
BRDA:12,262,0,0
BRDA:12,262,1,0
BRDA:12,263,0,0
BRDA:12,263,1,0
BRDA:12,264,0,0
BRDA:12,264,1,0
BRDA:12,265,0,0
BRDA:12,265,1,0
BRDA:12,266,0,0
BRDA:12,266,1,0
BRDA:12,267,0,0
BRDA:12,267,1,0
BRDA:12,268,0,0
BRDA:12,268,1,0
BRDA:12,269,0,0
BRDA:12,269,1,0
BRDA:12,270,0,0
BRDA:12,270,1,0
BRDA:12,271,0,0
BRDA:12,271,1,0
BRDA:12,272,0,0
BRDA:12,272,1,0
BRDA:12,273,0,0
BRDA:12,273,1,0
BRDA:12,274,0,0
BRDA:12,274,1,0
BRDA:12,275,0,0
BRDA:12,275,1,0
BRDA:12,276,0,0
BRDA:12,276,1,0
BRDA:12,277,0,0
BRDA:12,277,1,0
BRDA:12,278,0,0
BRDA:12,278,1,0
BRDA:12,279,0,0
BRDA:12,279,1,0
BRDA:12,280,0,0
BRDA:12,280,1,0
BRDA:12,281,0,0
BRDA:12,281,1,0
BRDA:12,282,0,0
BRDA:12,282,1,0
BRDA:12,283,0,0
BRDA:12,283,1,0
BRDA:12,284,0,0
BRDA:12,284,1,0
BRDA:12,285,0,0
BRDA:12,285,1,0
BRDA:12,286,0,0
BRDA:12,286,1,0
BRDA:12,287,0,0
BRDA:12,287,1,0
BRDA:12,287,2,0
BRDA:12,287,3,0
BRDA:12,287,4,0
BRDA:12,287,5,0
BRDA:12,287,6,0
BRDA:12,287,7,0
BRDA:12,287,8,0
BRDA:12,287,9,0
BRDA:12,287,10,0
BRDA:12,287,11,0
BRDA:12,287,12,0
BRDA:12,287,13,0
BRDA:12,287,14,0
BRDA:12,288,0,0
BRDA:12,288,1,0
BRDA:12,289,0,0
BRDA:12,289,1,0
BRDA:12,290,0,0
BRDA:12,290,1,0
BRDA:12,291,0,0
BRDA:12,291,1,0
BRDA:12,292,0,0
BRDA:12,292,1,0
BRDA:13,293,0,0
BRDA:13,293,1,0
BRDA:13,294,0,0
BRDA:13,294,1,0
BRDA:13,295,0,0
BRDA:13,295,1,0
BRDA:13,296,0,0
BRDA:13,296,1,0
BRDA:13,297,0,0
BRDA:13,297,1,0
BRDA:13,298,0,0
BRDA:13,298,1,0
BRDA:13,299,0,0
BRDA:13,299,1,0
BRDA:13,300,0,0
BRDA:13,300,1,0
BRDA:13,301,0,0
BRDA:13,301,1,0
BRDA:13,302,0,0
BRDA:13,302,1,0
BRDA:13,303,0,0
BRDA:13,303,1,0
BRDA:13,304,0,0
BRDA:13,304,1,0
BRDA:13,305,0,0
BRDA:13,305,1,0
BRDA:13,305,2,0
BRDA:13,306,0,0
BRDA:13,306,1,0
BRDA:13,307,0,0
BRDA:13,307,1,0
BRDA:13,308,0,0
BRDA:13,308,1,0
BRDA:13,309,0,0
BRDA:13,309,1,0
BRDA:13,310,0,0
BRDA:13,310,1,0
BRDA:13,311,0,0
BRDA:13,311,1,0
BRDA:13,312,0,0
BRDA:13,312,1,0
BRDA:13,313,0,0
BRDA:13,313,1,0
BRDA:13,314,0,0
BRDA:13,314,1,0
BRDA:13,315,0,0
BRDA:13,315,1,0
BRDA:13,316,0,0
BRDA:13,316,1,0
BRDA:13,317,0,0
BRDA:13,317,1,0
BRDA:13,318,0,0
BRDA:13,318,1,0
BRDA:13,319,0,0
BRDA:13,319,1,0
BRDA:13,320,0,0
BRDA:13,320,1,0
BRDA:13,321,0,0
BRDA:13,321,1,0
BRDA:13,322,0,0
BRDA:13,322,1,0
BRDA:13,323,0,0
BRDA:13,323,1,0
BRDA:13,324,0,0
BRDA:13,324,1,0
BRDA:13,325,0,0
BRDA:13,325,1,0
BRDA:13,326,0,0
BRDA:13,326,1,0
BRDA:13,327,0,0
BRDA:13,327,1,0
BRDA:13,328,0,0
BRDA:13,328,1,0
BRDA:13,329,0,0
BRDA:13,329,1,0
BRDA:13,330,0,0
BRDA:13,330,1,0
BRDA:13,331,0,0
BRDA:13,331,1,0
BRDA:13,332,0,0
BRDA:13,332,1,0
BRDA:13,333,0,0
BRDA:13,333,1,0
BRDA:13,334,0,0
BRDA:13,334,1,0
BRDA:13,335,0,0
BRDA:13,335,1,0
BRDA:13,336,0,0
BRDA:13,336,1,0
BRDA:13,337,0,0
BRDA:13,337,1,0
BRDA:13,338,0,0
BRDA:13,338,1,0
BRDA:13,339,0,0
BRDA:13,339,1,0
BRDA:13,340,0,0
BRDA:13,340,1,0
BRDA:13,340,2,0
BRDA:13,341,0,0
BRDA:13,341,1,0
BRDA:13,341,2,0
BRDA:13,342,0,0
BRDA:13,342,1,0
BRDA:13,343,0,0
BRDA:13,343,1,0
BRDA:13,344,0,0
BRDA:13,344,1,0
BRDA:13,345,0,0
BRDA:13,345,1,0
BRDA:13,346,0,0
BRDA:13,346,1,0
BRDA:13,347,0,0
BRDA:13,347,1,0
BRDA:13,348,0,0
BRDA:13,348,1,0
BRDA:13,349,0,0
BRDA:13,349,1,0
BRDA:13,350,0,0
BRDA:13,350,1,0
BRDA:13,351,0,0
BRDA:13,351,1,0
BRDA:13,352,0,0
BRDA:13,352,1,0
BRDA:13,353,0,0
BRDA:13,353,1,0
BRDA:13,354,0,0
BRDA:13,354,1,0
BRDA:13,355,0,0
BRDA:13,355,1,0
BRDA:13,355,2,0
BRDA:13,356,0,0
BRDA:13,356,1,0
BRDA:13,357,0,0
BRDA:13,357,1,0
BRDA:13,358,0,0
BRDA:13,358,1,0
BRDA:14,359,0,0
BRDA:14,359,1,0
BRDA:14,360,0,0
BRDA:14,360,1,0
BRDA:14,361,0,0
BRDA:14,361,1,0
BRDA:14,362,0,0
BRDA:14,362,1,0
BRDA:14,363,0,0
BRDA:14,363,1,0
BRDA:14,364,0,0
BRDA:14,364,1,0
BRDA:14,365,0,0
BRDA:14,365,1,0
BRDA:14,366,0,0
BRDA:14,366,1,0
BRDA:14,367,0,0
BRDA:14,367,1,0
BRDA:14,368,0,0
BRDA:14,368,1,0
BRDA:14,369,0,0
BRDA:14,369,1,0
BRDA:14,370,0,0
BRDA:14,370,1,0
BRDA:14,371,0,0
BRDA:14,371,1,0
BRDA:14,372,0,0
BRDA:14,372,1,0
BRDA:14,373,0,0
BRDA:14,373,1,0
BRDA:14,374,0,0
BRDA:14,374,1,0
BRDA:14,375,0,0
BRDA:14,375,1,0
BRDA:14,376,0,0
BRDA:14,376,1,0
BRDA:14,377,0,0
BRDA:14,377,1,0
BRDA:14,378,0,0
BRDA:14,378,1,0
BRDA:14,379,0,0
BRDA:14,379,1,0
BRDA:14,380,0,0
BRDA:14,380,1,0
BRDA:14,381,0,0
BRDA:14,381,1,0
BRDA:14,382,0,0
BRDA:14,382,1,0
BRDA:14,383,0,0
BRDA:14,383,1,0
BRDA:14,384,0,0
BRDA:14,384,1,0
BRDA:14,385,0,12
BRDA:14,385,1,0
BRDA:14,386,0,0
BRDA:14,386,1,0
BRDA:14,387,0,0
BRDA:14,387,1,0
BRDA:14,388,0,0
BRDA:14,388,1,0
BRDA:14,389,0,0
BRDA:14,389,1,0
BRDA:14,390,0,0
BRDA:14,390,1,0
BRDA:14,391,0,0
BRDA:14,391,1,0
BRDA:14,392,0,0
BRDA:14,392,1,0
BRDA:14,393,0,0
BRDA:14,393,1,0
BRDA:14,394,0,0
BRDA:14,394,1,0
BRDA:14,395,0,0
BRDA:14,395,1,0
BRDA:14,396,0,0
BRDA:14,396,1,0
BRDA:14,396,2,0
BRDA:14,396,3,0
BRDA:14,397,0,0
BRDA:14,397,1,0
BRDA:14,398,0,0
BRDA:14,398,1,0
BRDA:14,399,0,0
BRDA:14,399,1,0
BRDA:14,400,0,0
BRDA:14,400,1,0
BRDA:14,400,2,0
BRDA:14,401,0,0
BRDA:14,401,1,0
BRDA:14,402,0,0
BRDA:14,402,1,0
BRDA:14,403,0,0
BRDA:14,403,1,0
BRDA:14,404,0,0
BRDA:14,404,1,0
BRDA:14,405,0,0
BRDA:14,405,1,0
BRDA:14,406,0,0
BRDA:14,406,1,0
BRDA:14,407,0,0
BRDA:14,407,1,2
BRDA:14,408,0,0
BRDA:14,408,1,0
BRDA:14,409,0,0
BRDA:14,410,0,1
BRDA:14,411,0,0
BRDA:14,411,1,12
BRDA:14,412,0,0
BRDA:14,412,1,0
BRDA:14,413,0,0
BRDA:14,413,1,0
BRDA:14,414,0,12
BRDA:14,414,1,12
BRDA:14,414,2,12
BRDA:14,415,0,12
BRDA:14,415,1,1
BRDA:14,416,0,0
BRDA:14,416,1,1
BRDA:14,417,0,0
BRDA:14,417,1,1
BRDA:14,418,0,1
BRDA:14,418,1,1
BRDA:14,419,0,1
BRDA:14,419,1,0
BRDA:14,420,0,1
BRDA:14,420,1,1
BRDA:14,420,2,0
BRDA:14,421,0,1
BRDA:14,421,1,0
BRDA:14,422,0,0
BRDA:14,422,1,0
BRDA:14,423,0,0
BRDA:14,423,1,2
BRDA:14,424,0,2
BRDA:14,424,1,0
BRDA:14,424,2,2
BRDA:14,425,0,0
BRDA:14,425,1,0
BRDA:14,426,0,0
BRDA:14,426,1,0
BRDA:14,427,0,0
BRDA:14,427,1,0
BRDA:14,428,0,0
BRDA:14,428,1,0
BRDA:14,429,0,0
BRDA:14,429,1,0
BRDA:14,429,2,0
BRDA:14,430,0,0
BRDA:14,430,1,0
BRDA:14,431,0,0
BRDA:14,431,1,0
BRDA:14,432,0,0
BRDA:14,432,1,26
BRDA:14,433,0,14
BRDA:14,433,1,12
BRDA:14,434,0,26
BRDA:14,434,1,17
BRDA:14,434,2,12
BRDA:14,435,0,0
BRDA:14,435,1,12
BRDA:14,436,0,0
BRDA:14,436,1,12
BRDA:14,437,0,0
BRDA:14,437,1,0
BRDA:14,438,0,0
BRDA:14,438,1,12
BRDA:14,439,0,0
BRDA:14,439,1,12
BRDA:14,440,0,0
BRDA:14,440,1,12
BRDA:14,441,0,0
BRDA:14,441,1,12
BRDA:14,442,0,0
BRDA:14,442,1,12
BRDA:14,443,0,0
BRDA:14,443,1,12
BRDA:14,444,0,0
BRDA:14,444,1,12
BRDA:14,445,0,0
BRDA:14,445,1,0
BRDA:14,446,0,0
BRDA:14,446,1,0
BRDA:14,446,2,0
BRDA:14,447,0,0
BRDA:14,447,1,12
BRDA:14,448,0,12
BRDA:14,448,1,0
BRDA:14,449,0,0
BRDA:14,449,1,24
BRDA:14,450,0,24
BRDA:14,450,1,24
BRDA:14,451,0,26
BRDA:14,451,1,26
BRDA:14,452,0,26
BRDA:14,452,1,0
BRDA:14,453,0,0
BRDA:14,453,1,0
BRDA:14,454,0,0
BRDA:14,454,1,0
BRDA:14,455,0,0
BRDA:14,455,1,0
BRDA:14,456,0,0
BRDA:14,456,1,0
BRDA:14,457,0,12
BRDA:14,457,1,12
BRDA:14,457,2,12
BRDA:14,458,0,12
BRDA:14,458,1,12
BRDA:14,458,2,12
BRDA:14,459,0,3
BRDA:14,459,1,0
BRDA:14,459,2,0
BRDA:14,460,0,40
BRDA:14,460,1,38
BRDA:14,461,0,38
BRDA:14,461,1,0
BRDA:14,462,0,0
BRDA:14,462,1,0
BRDA:14,463,0,0
BRDA:14,463,1,0
BRDA:14,464,0,0
BRDA:14,464,1,0
BRDA:14,465,0,24
BRDA:14,465,1,24
BRDA:14,466,0,12
BRDA:14,466,1,0
BRDA:14,467,0,1
BRDA:14,467,1,2
BRDA:14,468,0,12
BRDA:14,468,1,0
BRDA:14,469,0,12
BRDA:14,469,1,12
BRDA:14,470,0,12
BRDA:14,470,1,12
BRDA:14,471,0,0
BRDA:14,471,1,0
BRDA:14,471,2,4
BRDA:14,471,3,5
BRDA:14,471,4,5
BRDA:14,471,5,8
BRDA:14,471,6,8
BRDA:14,471,7,10
BRDA:14,471,8,12
BRDA:14,471,9,12
BRDA:14,471,10,12
BRDA:14,471,11,0
BRDA:14,471,12,0
BRDA:14,471,13,0
BRDA:14,471,14,0
BRDA:14,471,15,0
BRDA:14,471,16,0
BRDA:14,471,17,0
BRDA:14,471,18,0
BRDA:14,471,19,0
BRDA:14,471,20,0
BRDA:14,471,21,0
BRDA:14,471,22,0
BRDA:14,472,0,0
BRDA:14,472,1,0
BRDA:14,473,0,0
BRDA:14,473,1,0
BRDA:14,474,0,0
BRDA:14,474,1,22
BRDA:14,475,0,22
BRDA:14,475,1,0
BRDA:14,476,0,0
BRDA:14,476,1,0
BRDA:14,477,0,0
BRDA:14,477,1,0
BRDA:14,478,0,0
BRDA:14,478,1,0
BRDA:14,479,0,0
BRDA:14,479,1,5
BRDA:14,480,0,0
BRDA:14,480,1,0
BRDA:14,481,0,0
BRDA:14,481,1,0
BRDA:14,482,0,0
BRDA:14,482,1,0
BRDA:14,483,0,0
BRDA:14,483,1,0
BRDA:14,484,0,0
BRDA:14,484,1,0
BRDA:14,485,0,0
BRDA:14,485,1,0
BRDA:15,486,0,35
BRDA:15,486,1,5
BRDA:15,486,2,5
BRDA:15,486,3,5
BRDA:15,486,4,3
BRDA:15,487,0,35
BRDA:15,487,1,32
BRDA:15,488,0,5
BRDA:15,488,1,30
BRDA:15,489,0,30
BRDA:15,489,1,30
BRDA:15,490,0,30
BRDA:15,490,1,30
BRDA:15,491,0,30
BRDA:15,491,1,0
BRDA:15,491,2,0
BRDA:15,492,0,0
BRDA:15,492,1,30
BRDA:15,493,0,30
BRDA:15,493,1,0
BRDA:15,494,0,0
BRDA:15,494,1,30
BRDA:15,495,0,30
BRDA:15,495,1,0
BRDA:15,496,0,30
BRDA:15,496,1,0
BRDA:15,497,0,0
BRDA:15,497,1,5
BRDA:15,498,0,0
BRDA:15,498,1,0
BRDA:15,499,0,0
BRDA:15,499,1,0
BRDA:15,500,0,5
BRDA:15,500,1,0
BRDA:15,501,0,0
BRDA:15,501,1,0
BRDA:15,502,0,0
BRDA:15,502,1,0
BRDA:15,502,2,0
BRDA:15,503,0,0
BRDA:15,503,1,0
BRDA:15,504,0,0
BRDA:15,504,1,0
BRDA:15,505,0,0
BRDA:15,505,1,0
BRDA:15,506,0,0
BRDA:15,506,1,0
BRDA:15,507,0,0
BRDA:15,507,1,3
BRDA:15,508,0,0
BRDA:15,508,1,0
BRDA:15,509,0,0
BRDA:15,509,1,0
BRDA:15,510,0,2
BRDA:15,510,1,3
BRDA:15,511,0,2
BRDA:15,511,1,0
BRDA:15,512,0,2
BRDA:15,512,1,0
BRDA:15,513,0,0
BRDA:15,513,1,3
BRDA:15,514,0,0
BRDA:15,514,1,12
BRDA:15,515,0,12
BRDA:15,515,1,12
BRDA:15,515,2,12
BRDA:15,515,3,12
BRDA:15,515,4,3
BRDA:15,515,5,3
BRDA:15,515,6,3
BRDA:15,515,7,3
BRDA:15,515,8,3
BRDA:15,516,0,0
BRDA:15,516,1,3
BRDA:15,517,0,3
BRDA:15,517,1,3
BRDA:15,518,0,0
BRDA:15,518,1,21
BRDA:15,519,0,0
BRDA:15,519,1,0
BRDA:15,520,0,0
BRDA:15,520,1,0
BRDA:15,521,0,0
BRDA:15,522,0,0
BRDA:15,522,1,0
BRDA:15,523,0,0
BRDA:15,524,0,0
BRDA:15,524,1,0
BRDA:15,525,0,0
BRDA:15,526,0,0
BRDA:15,526,1,0
BRDA:15,527,0,0
BRDA:15,528,0,0
BRDA:15,528,1,0
BRDA:15,529,0,0
BRDA:15,530,0,0
BRDA:15,530,1,0
BRDA:15,531,0,0
BRDA:15,532,0,0
BRDA:15,532,1,0
BRDA:15,533,0,0
BRDA:15,533,1,0
BRDA:15,534,0,0
BRDA:15,534,1,0
BRDA:15,535,0,0
BRDA:15,536,0,0
BRDA:15,536,1,0
BRDA:15,537,0,0
BRDA:15,537,1,0
BRDA:15,538,0,0
BRDA:15,538,1,0
BRDA:15,539,0,0
BRDA:15,539,1,0
BRDA:15,540,0,0
BRDA:15,540,1,0
BRDA:15,541,0,0
BRDA:15,541,1,0
BRDA:15,542,0,0
BRDA:15,542,1,0
BRDA:15,543,0,8
BRDA:15,543,1,0
BRDA:15,544,0,0
BRDA:15,544,1,0
BRDA:15,545,0,10
BRDA:15,545,1,0
BRDA:15,546,0,10
BRDA:15,546,1,0
BRDA:15,547,0,10
BRDA:15,547,1,0
BRDA:15,548,0,10
BRDA:15,548,1,0
BRDA:15,549,0,0
BRDA:15,549,1,0
BRDA:15,550,0,10
BRDA:15,550,1,0
BRDA:15,551,0,3
BRDA:15,551,1,3
BRDA:15,552,0,10
BRDA:15,552,1,1
BRDA:15,553,0,0
BRDA:15,553,1,1
BRDA:15,554,0,2
BRDA:15,554,1,0
BRDA:15,555,0,3
BRDA:15,555,1,0
BRDA:15,556,0,0
BRDA:15,556,1,0
BRDA:15,557,0,0
BRDA:15,557,1,0
BRDA:15,558,0,0
BRDA:15,558,1,0
BRDA:15,559,0,0
BRDA:15,559,1,0
BRDA:15,560,0,0
BRDA:15,560,1,0
BRDA:15,561,0,0
BRDA:15,561,1,0
BRDA:15,562,0,0
BRDA:15,562,1,0
BRDA:15,563,0,0
BRDA:15,563,1,0
BRDA:15,564,0,0
BRDA:15,564,1,0
BRDA:15,565,0,0
BRDA:15,565,1,0
BRDA:15,566,0,0
BRDA:15,566,1,0
BRDA:15,567,0,0
BRDA:15,567,1,0
BRDA:15,568,0,0
BRDA:15,568,1,0
BRDA:15,569,0,0
BRDA:15,569,1,0
BRDA:15,570,0,0
BRDA:15,570,1,0
BRDA:15,571,0,0
BRDA:15,571,1,0
BRDA:15,572,0,0
BRDA:15,572,1,0
BRDA:15,573,0,0
BRDA:15,573,1,0
BRDA:15,574,0,0
BRDA:15,574,1,0
BRDA:15,575,0,0
BRDA:15,575,1,0
BRDA:15,575,2,0
BRDA:15,576,0,0
BRDA:15,576,1,0
BRDA:15,577,0,0
BRDA:15,577,1,0
BRDA:15,577,2,0
BRDA:15,578,0,0
BRDA:15,578,1,0
BRDA:15,579,0,8
BRDA:15,579,1,0
BRDA:15,580,0,8
BRDA:15,580,1,0
BRDA:15,580,2,0
BRDA:15,580,3,0
BRDA:15,581,0,0
BRDA:15,581,1,0
BRDA:15,582,0,0
BRDA:15,582,1,0
BRDA:15,583,0,0
BRDA:15,583,1,0
BRDA:15,584,0,0
BRDA:15,584,1,0
BRDA:15,585,0,0
BRDA:15,585,1,0
BRDA:15,586,0,0
BRDA:15,586,1,0
BRDA:15,587,0,0
BRDA:15,587,1,0
BRDA:15,587,2,0
BRDA:15,587,3,0
BRDA:15,587,4,0
BRDA:15,588,0,0
BRDA:15,588,1,0
BRDA:15,589,0,0
BRDA:15,589,1,0
BRDA:15,590,0,0
BRDA:15,590,1,0
BRDA:15,591,0,0
BRDA:15,591,1,0
BRDA:15,592,0,0
BRDA:15,592,1,0
BRDA:15,593,0,0
BRDA:15,593,1,0
BRDA:15,594,0,0
BRDA:15,595,0,0
BRDA:15,595,1,0
BRDA:15,595,2,0
BRDA:15,596,0,0
BRDA:15,596,1,0
BRDA:15,597,0,0
BRDA:15,597,1,0
BRDA:15,598,0,0
BRDA:15,598,1,0
BRDA:15,599,0,0
BRDA:15,599,1,0
BRDA:15,600,0,0
BRDA:15,601,0,11
BRDA:15,601,1,0
BRDA:15,602,0,11
BRDA:15,602,1,0
BRDA:15,603,0,0
BRDA:15,603,1,0
BRDA:15,604,0,0
BRDA:15,604,1,0
BRDA:15,605,0,0
BRDA:15,605,1,0
BRDA:15,606,0,0
BRDA:15,606,1,0
BRDA:15,607,0,0
BRDA:15,607,1,0
BRDA:15,608,0,0
BRDA:15,609,0,0
BRDA:15,610,0,0
BRDA:15,611,0,8
BRDA:15,611,1,1
BRDA:15,612,0,8
BRDA:15,612,1,0
BRDA:15,613,0,8
BRDA:15,613,1,8
BRDA:15,614,0,0
BRDA:15,614,1,0
BRDA:15,615,0,0
BRDA:15,615,1,0
BRDA:15,616,0,0
BRDA:15,616,1,0
BRDA:15,617,0,0
BRDA:15,617,1,0
BRDA:15,618,0,0
BRDA:15,618,1,0
BRDA:15,619,0,0
BRDA:15,619,1,0
BRDA:15,620,0,0
BRDA:15,620,1,0
BRDA:15,620,2,0
BRDA:15,621,0,0
BRDA:15,621,1,0
BRDA:15,622,0,0
BRDA:15,622,1,0
BRDA:15,623,0,0
BRDA:15,623,1,0
BRDA:15,623,2,0
BRDA:15,624,0,0
BRDA:15,624,1,0
BRDA:15,624,2,0
BRDA:15,624,3,0
BRDA:15,624,4,0
BRDA:15,624,5,0
BRDA:15,624,6,0
BRDA:15,625,0,0
BRDA:15,625,1,0
BRDA:15,626,0,0
BRDA:15,626,1,0
BRDA:15,627,0,0
BRDA:15,627,1,0
BRDA:15,628,0,0
BRDA:15,628,1,0
BRDA:15,629,0,0
BRDA:15,629,1,0
BRDA:15,630,0,0
BRDA:15,630,1,0
BRDA:15,630,2,0
BRDA:15,631,0,0
BRDA:15,631,1,0
BRDA:15,632,0,0
BRDA:15,632,1,0
BRDA:15,633,0,0
BRDA:15,633,1,0
BRDA:15,633,2,0
BRDA:15,634,0,0
BRDA:15,634,1,0
BRDA:15,635,0,0
BRDA:15,635,1,0
BRDA:15,636,0,0
BRDA:15,636,1,0
BRDA:15,637,0,0
BRDA:15,637,1,0
BRDA:15,638,0,0
BRDA:15,638,1,0
BRDA:15,639,0,0
BRDA:15,639,1,0
BRDA:15,640,0,0
BRDA:15,640,1,0
BRDA:15,641,0,0
BRDA:15,641,1,0
BRDA:15,642,0,0
BRDA:15,642,1,0
BRDA:15,643,0,0
BRDA:15,643,1,0
BRDA:15,644,0,0
BRDA:15,644,1,0
BRDA:15,645,0,0
BRDA:15,645,1,0
BRDA:15,646,0,0
BRDA:15,646,1,0
BRDA:15,647,0,0
BRDA:15,647,1,0
BRDA:15,648,0,0
BRDA:15,648,1,0
BRDA:15,649,0,0
BRDA:15,649,1,0
BRDA:15,650,0,0
BRDA:15,650,1,0
BRDA:15,651,0,0
BRDA:15,651,1,0
BRDA:15,652,0,0
BRDA:15,652,1,0
BRDA:15,653,0,0
BRDA:15,653,1,0
BRDA:15,654,0,0
BRDA:15,654,1,0
BRDA:15,655,0,0
BRDA:15,655,1,0
BRDA:15,656,0,16
BRDA:15,656,1,16
BRDA:15,656,2,16
BRDA:15,657,0,1
BRDA:15,657,1,49
BRDA:15,658,0,2
BRDA:15,658,1,47
BRDA:15,659,0,16
BRDA:15,659,1,31
BRDA:15,660,0,3
BRDA:15,660,1,13
BRDA:15,661,0,0
BRDA:15,661,1,13
BRDA:15,662,0,13
BRDA:15,662,1,13
BRDA:15,663,0,0
BRDA:15,663,1,0
BRDA:15,663,2,3
BRDA:15,663,3,0
BRDA:15,663,4,0
BRDA:15,663,5,0
BRDA:15,663,6,0
BRDA:15,663,7,0
BRDA:15,663,8,0
BRDA:15,664,0,4
BRDA:15,664,1,1
BRDA:15,665,0,3
BRDA:15,665,1,0
BRDA:15,666,0,3
BRDA:15,666,1,1
BRDA:15,667,0,0
BRDA:15,667,1,1
BRDA:15,668,0,1
BRDA:15,668,1,1
BRDA:15,669,0,0
BRDA:15,669,1,0
BRDA:15,670,0,0
BRDA:15,670,1,0
BRDA:15,671,0,0
BRDA:15,671,1,0
BRDA:15,672,0,0
BRDA:15,672,1,0
BRDA:15,672,2,0
BRDA:15,672,3,0
BRDA:15,672,4,0
BRDA:15,672,5,0
BRDA:15,672,6,0
BRDA:15,672,7,0
BRDA:15,672,8,0
BRDA:15,672,9,0
BRDA:15,672,10,1
BRDA:15,672,11,0
BRDA:15,672,12,0
BRDA:15,672,13,0
BRDA:15,672,14,0
BRDA:15,672,15,0
BRDA:15,672,16,0
BRDA:15,672,17,0
BRDA:15,672,18,0
BRDA:15,672,19,0
BRDA:15,672,20,0
BRDA:15,672,21,0
BRDA:15,672,22,0
BRDA:15,672,23,0
BRDA:15,672,24,0
BRDA:15,672,25,0
BRDA:15,672,26,0
BRDA:15,672,27,0
BRDA:15,672,28,0
BRDA:15,673,0,0
BRDA:15,673,1,0
BRDA:15,673,2,0
BRDA:15,673,3,0
BRDA:15,673,4,0
BRDA:15,673,5,0
BRDA:15,673,6,0
BRDA:15,673,7,0
BRDA:15,673,8,0
BRDA:15,673,9,0
BRDA:15,673,10,1
BRDA:15,673,11,0
BRDA:15,673,12,0
BRDA:15,673,13,0
BRDA:15,673,14,0
BRDA:15,673,15,0
BRDA:15,673,16,0
BRDA:15,673,17,0
BRDA:15,673,18,0
BRDA:15,673,19,0
BRDA:15,673,20,0
BRDA:15,673,21,0
BRDA:15,673,22,0
BRDA:15,673,23,0
BRDA:15,673,24,0
BRDA:15,673,25,0
BRDA:15,673,26,0
BRDA:15,673,27,0
BRDA:15,673,28,0
BRDA:15,674,0,0
BRDA:15,674,1,0
BRDA:15,675,0,0
BRDA:15,675,1,0
BRDA:15,676,0,0
BRDA:15,676,1,0
BRDA:15,677,0,0
BRDA:15,677,1,0
BRDA:15,678,0,0
BRDA:15,678,1,0
BRDA:15,679,0,0
BRDA:15,679,1,0
BRDA:15,680,0,0
BRDA:15,680,1,0
BRDA:15,681,0,0
BRDA:15,681,1,0
BRDA:15,682,0,0
BRDA:15,682,1,0
BRDA:15,683,0,0
BRDA:15,683,1,0
BRDA:15,684,0,1
BRDA:15,684,1,0
BRDA:15,685,0,1
BRDA:15,685,1,1
BRDA:15,686,0,0
BRDA:15,686,1,0
BRDA:15,687,0,0
BRDA:15,687,1,0
BRDA:15,688,0,0
BRDA:15,688,1,0
BRDA:15,689,0,0
BRDA:15,689,1,0
BRDA:15,690,0,0
BRDA:15,690,1,0
BRDA:15,691,0,0
BRDA:15,691,1,0
BRDA:15,692,0,0
BRDA:15,692,1,0
BRDA:15,692,2,0
BRDA:15,692,3,0
BRDA:15,693,0,0
BRDA:15,693,1,0
BRDA:15,694,0,0
BRDA:15,694,1,0
BRDA:15,695,0,0
BRDA:15,695,1,0
BRDA:15,695,2,0
BRDA:15,696,0,0
BRDA:15,697,0,0
BRDA:15,697,1,0
BRDA:15,698,0,0
BRDA:15,698,1,0
BRDA:15,699,0,13
BRDA:15,699,1,7
BRDA:15,700,0,0
BRDA:15,700,1,8
BRDA:15,700,2,0
BRDA:15,700,3,0
BRDA:15,701,0,0
BRDA:15,701,1,0
BRDA:15,702,0,1
BRDA:15,702,1,8
BRDA:15,703,0,2
BRDA:15,703,1,6
BRDA:15,704,0,2
BRDA:15,704,1,0
BRDA:15,705,0,6
BRDA:15,705,1,0
BRDA:15,706,0,0
BRDA:15,706,1,0
BRDA:15,707,0,0
BRDA:15,707,1,13
BRDA:15,708,0,0
BRDA:15,708,1,1
BRDA:15,708,2,34
BRDA:15,708,3,0
BRDA:15,709,0,0
BRDA:15,709,1,1
BRDA:15,710,0,1
BRDA:15,710,1,1
BRDA:15,711,0,1
BRDA:15,711,1,0
BRDA:15,712,0,34
BRDA:15,712,1,0
BRDA:15,713,0,0
BRDA:15,713,1,34
BRDA:15,714,0,0
BRDA:15,714,1,0
BRDA:15,715,0,0
BRDA:15,715,1,34
BRDA:15,716,0,0
BRDA:15,716,1,15
BRDA:15,716,2,13
BRDA:15,716,3,0
BRDA:15,716,4,0
BRDA:15,716,5,0
BRDA:15,716,6,0
BRDA:15,716,7,3
BRDA:15,716,8,0
BRDA:15,716,9,0
BRDA:15,716,10,0
BRDA:15,716,11,3
BRDA:15,716,12,0
BRDA:15,717,0,0
BRDA:15,717,1,15
BRDA:15,718,0,13
BRDA:15,718,1,0
BRDA:15,718,2,0
BRDA:15,719,0,0
BRDA:15,719,1,0
BRDA:15,720,0,0
BRDA:15,720,1,0
BRDA:15,721,0,0
BRDA:15,721,1,0
BRDA:15,722,0,0
BRDA:15,722,1,0
BRDA:15,723,0,0
BRDA:15,723,1,0
BRDA:15,724,0,0
BRDA:15,724,1,0
BRDA:15,725,0,0
BRDA:15,725,1,0
BRDA:15,726,0,0
BRDA:15,726,1,0
BRDA:15,727,0,0
BRDA:15,727,1,0
BRDA:15,728,0,0
BRDA:15,728,1,0
BRDA:15,729,0,0
BRDA:15,729,1,0
BRDA:15,730,0,0
BRDA:15,730,1,0
BRDA:15,731,0,0
BRDA:15,731,1,0
BRDA:15,732,0,0
BRDA:15,732,1,0
BRDA:15,732,2,0
[...]
BRDA:61,1127,4,0
BRDA:61,1128,0,0
BRDA:61,1128,1,0
BRDA:61,1129,0,0
BRDA:61,1129,1,0
BRDA:61,1130,0,0
BRDA:61,1130,1,0
BRDA:61,1131,0,2
BRDA:61,1132,0,11
BRDA:61,1132,1,4
BRDA:61,1133,0,0
BRDA:61,1133,1,7
BRDA:61,1134,0,0
BRDA:61,1134,1,7
BRDA:61,1135,0,0
BRDA:61,1135,1,0
BRDA:61,1136,0,0
BRDA:61,1136,1,0
BRDA:61,1137,0,0
BRDA:61,1137,1,0
BRDA:61,1138,0,0
BRDA:61,1138,1,0
BRDA:61,1139,0,0
BRDA:61,1139,1,0
BRDA:61,1140,0,0
BRDA:61,1140,1,0
BRDA:61,1141,0,0
BRDA:61,1141,1,0
BRDA:61,1142,0,0
BRDA:61,1142,1,0
BRDA:61,1143,0,0
BRDA:61,1143,1,0
BRDA:61,1144,0,0
BRDA:61,1144,1,0
BRDA:61,1145,0,0
BRDA:61,1145,1,0
BRDA:61,1146,0,0
BRDA:61,1146,1,0
BRDA:61,1147,0,0
BRDA:61,1147,1,0
BRDA:61,1148,0,0
BRDA:61,1148,1,0
BRDA:61,1149,0,0
BRDA:61,1149,1,0
BRDA:61,1150,0,0
BRDA:61,1150,1,0
BRDA:61,1151,0,0
BRDA:61,1151,1,0
BRDA:61,1152,0,0
BRDA:61,1152,1,0
BRDA:61,1153,0,0
BRDA:61,1153,1,0
BRDA:61,1154,0,0
BRDA:61,1154,1,0
BRDA:61,1155,0,0
BRDA:61,1155,1,0
BRDA:61,1156,0,0
BRDA:61,1156,1,0
BRDA:61,1157,0,0
BRDA:61,1157,1,0
BRDA:61,1158,0,0
BRDA:61,1158,1,0
BRDA:61,1159,0,0
BRDA:61,1159,1,0
BRDA:61,1160,0,0
BRDA:61,1160,1,0
BRDA:61,1160,2,0
BRDA:61,1160,3,0
BRDA:61,1161,0,0
BRDA:61,1161,1,0
BRDA:61,1162,0,0
BRDA:61,1162,1,0
BRDA:61,1163,0,0
BRDA:61,1163,1,0
BRDA:61,1163,2,0
BRDA:61,1163,3,0
BRDA:61,1163,4,0
BRDA:61,1164,0,0
BRDA:61,1164,1,0
BRDA:61,1165,0,0
BRDA:61,1165,1,0
BRDA:61,1166,0,0
BRDA:61,1166,1,0
BRDA:61,1167,0,0
BRDA:61,1167,1,0
BRDA:61,1168,0,0
BRDA:61,1168,1,0
BRDA:61,1169,0,0
BRDA:61,1169,1,0
BRDA:61,1170,0,0
BRDA:61,1170,1,0
BRDA:61,1171,0,0
BRDA:61,1171,1,0
BRDA:61,1172,0,0
BRDA:61,1172,1,0
BRDA:61,1173,0,0
BRDA:61,1173,1,0
BRDA:61,1173,2,0
BRDA:61,1173,3,0
BRDA:61,1173,4,0
BRDA:61,1173,5,0
BRDA:61,1174,0,0
BRDA:61,1174,1,0
BRDA:61,1175,0,0
BRDA:61,1175,1,0
BRDA:61,1176,0,0
BRDA:61,1176,1,0
BRDA:61,1177,0,0
BRDA:61,1177,1,0
BRDA:61,1178,0,0
BRDA:61,1178,1,0
BRDA:61,1179,0,0
BRDA:61,1179,1,0
BRDA:61,1180,0,0
BRDA:61,1180,1,0
BRDA:61,1181,0,0
BRDA:61,1181,1,0
BRDA:61,1181,2,0
BRDA:61,1182,0,0
BRDA:61,1183,0,0
BRDA:61,1183,1,0
BRDA:61,1184,0,0
BRDA:61,1184,1,0
BRDA:61,1185,0,0
BRDA:61,1185,1,0
BRDA:61,1186,0,0
BRDA:61,1186,1,0
BRDA:61,1187,0,0
BRDA:61,1187,1,0
BRDA:61,1188,0,0
BRDA:61,1188,1,0
BRDA:61,1189,0,0
BRDA:61,1189,1,0
BRDA:61,1190,0,0
BRDA:61,1190,1,0
BRDA:61,1191,0,0
BRDA:61,1191,1,0
BRDA:61,1192,0,0
BRDA:61,1192,1,0
BRDA:61,1193,0,0
BRDA:61,1193,1,0
BRDA:61,1194,0,0
BRDA:61,1194,1,0
BRDA:61,1195,0,0
BRDA:61,1196,0,0
BRDA:61,1196,1,0
BRDA:61,1197,0,0
BRDA:61,1197,1,0
BRDA:61,1197,2,0
BRDA:61,1198,0,0
BRDA:61,1198,1,0
BRDA:61,1199,0,0
BRDA:61,1199,1,0
BRDA:61,1200,0,0
BRDA:61,1200,1,0
BRDA:61,1201,0,0
BRDA:61,1201,1,0
BRDA:61,1201,2,0
BRDA:61,1201,3,0
BRDA:61,1202,0,0
BRDA:61,1202,1,0
BRDA:61,1203,0,0
BRDA:61,1203,1,0
BRDA:61,1204,0,0
BRDA:61,1204,1,0
BRDA:61,1205,0,0
BRDA:61,1205,1,0
BRDA:61,1206,0,0
BRDA:61,1206,1,0
BRDA:61,1207,0,0
BRDA:61,1207,1,0
BRDA:61,1208,0,0
BRDA:61,1208,1,0
BRDA:61,1208,2,0
BRDA:61,1208,3,0
BRDA:61,1208,4,0
BRDA:61,1208,5,0
BRDA:61,1208,6,0
BRDA:61,1209,0,0
BRDA:61,1209,1,0
BRDA:61,1210,0,0
BRDA:61,1210,1,0
BRDA:61,1211,0,0
BRDA:61,1211,1,0
BRDA:61,1212,0,0
BRDA:61,1212,1,0
BRDA:61,1213,0,0
BRDA:61,1213,1,0
BRDA:61,1214,0,0
BRDA:61,1214,1,0
BRDA:61,1215,0,0
BRDA:61,1215,1,0
BRDA:61,1216,0,0
BRDA:61,1216,1,0
BRDA:61,1217,0,0
BRDA:61,1217,1,0
BRDA:61,1218,0,0
BRDA:61,1218,1,0
BRDA:61,1219,0,0
BRDA:61,1219,1,0
BRDA:61,1220,0,0
BRDA:61,1220,1,0
BRDA:61,1221,0,0
BRDA:61,1221,1,0
BRDA:61,1222,0,0
BRDA:61,1222,1,0
BRDA:61,1223,0,0
BRDA:61,1223,1,0
BRDA:61,1223,2,0
BRDA:61,1224,0,0
BRDA:61,1224,1,0
BRDA:61,1225,0,0
BRDA:61,1225,1,0
BRDA:61,1226,0,0
BRDA:61,1226,1,0
BRDA:61,1227,0,0
BRDA:61,1227,1,0
BRDA:61,1228,0,0
BRDA:61,1228,1,0
BRDA:61,1229,0,0
BRDA:61,1229,1,0
BRDA:61,1230,0,0
BRDA:61,1230,1,2
BRDA:61,1231,0,2
BRDA:61,1231,1,0
BRDA:61,1232,0,2
BRDA:61,1232,1,2
BRDA:61,1233,0,0
BRDA:61,1233,1,2
BRDA:61,1234,0,2
BRDA:61,1234,1,2
BRDA:61,1235,0,0
BRDA:61,1235,1,2
BRDA:61,1236,0,2
BRDA:61,1236,1,0
BRDA:61,1237,0,2
BRDA:61,1237,1,2
BRDA:61,1238,0,2
BRDA:61,1238,1,2
BRDA:61,1239,0,2
BRDA:61,1239,1,2
BRDA:61,1240,0,0
BRDA:61,1240,1,0
BRDA:61,1241,0,2
BRDA:61,1241,1,0
BRDA:61,1242,0,2
BRDA:61,1242,1,0
BRDA:61,1243,0,2
BRDA:61,1243,1,0
BRDA:61,1243,2,9
BRDA:61,1243,3,0
BRDA:61,1244,0,0
BRDA:61,1244,1,2
BRDA:61,1245,0,2
BRDA:61,1245,1,2
BRDA:61,1246,0,0
BRDA:61,1246,1,0
BRDA:61,1247,0,0
BRDA:61,1247,1,3
BRDA:61,1248,0,0
BRDA:61,1248,1,3
BRDA:61,1249,0,3
BRDA:61,1249,1,0
BRDA:61,1250,0,3
BRDA:61,1250,1,0
BRDA:62,1251,0,0
BRDA:62,1251,1,0
BRDA:62,1252,0,0
BRDA:62,1252,1,0
BRDA:62,1253,0,0
BRDA:62,1253,1,0
BRDA:62,1254,0,0
BRDA:62,1254,1,0
BRDA:62,1255,0,7
BRDA:62,1256,0,0
BRDA:62,1256,1,9
BRDA:62,1257,0,0
BRDA:62,1257,1,0
BRDA:62,1258,0,0
BRDA:62,1258,1,0
BRDA:62,1258,2,0
BRDA:62,1258,3,0
BRDA:62,1259,0,0
BRDA:62,1259,1,0
BRDA:62,1260,0,0
BRDA:62,1260,1,0
BRDA:62,1261,0,0
BRDA:62,1261,1,0
BRDA:62,1262,0,0
BRDA:62,1262,1,0
BRDA:62,1263,0,0
BRDA:62,1263,1,11
BRDA:62,1264,0,4
BRDA:62,1264,1,7
BRDA:62,1265,0,0
BRDA:62,1265,1,0
BRDA:62,1266,0,0
BRDA:62,1266,1,0
BRDA:62,1267,0,0
BRDA:62,1267,1,0
BRDA:62,1268,0,0
BRDA:62,1268,1,0
BRDA:62,1269,0,0
BRDA:62,1269,1,0
BRDA:62,1270,0,0
BRDA:62,1270,1,0
BRDA:62,1271,0,0
BRDA:62,1271,1,0
BRDA:62,1272,0,0
BRDA:62,1272,1,0
BRDA:62,1272,2,0
BRDA:62,1273,0,0
BRDA:62,1273,1,0
BRDA:62,1274,0,0
BRDA:62,1274,1,0
BRDA:62,1275,0,0
BRDA:62,1275,1,0
BRDA:62,1276,0,0
BRDA:62,1276,1,0
BRDA:62,1277,0,0
BRDA:62,1277,1,0
BRDA:62,1278,0,2
BRDA:62,1278,1,0
BRDA:62,1278,2,0
BRDA:62,1278,3,0
BRDA:62,1278,4,0
BRDA:62,1278,5,0
BRDA:62,1278,6,0
BRDA:62,1279,0,11
BRDA:62,1279,1,11
BRDA:62,1280,0,0
BRDA:62,1280,1,0
BRDA:62,1281,0,0
BRDA:62,1281,1,0
BRDA:62,1282,0,0
BRDA:62,1282,1,0
BRDA:62,1283,0,0
BRDA:62,1283,1,0
BRDA:62,1284,0,0
BRDA:62,1284,1,0
BRDA:62,1285,0,0
BRDA:62,1285,1,0
BRDA:62,1286,0,0
BRDA:62,1286,1,0
BRDA:62,1287,0,0
BRDA:62,1287,1,0
BRDA:62,1288,0,0
BRDA:62,1288,1,0
BRDA:62,1289,0,0
BRDA:62,1289,1,0
BRDA:62,1290,0,0
BRDA:62,1290,1,0
BRDA:62,1291,0,0
BRDA:62,1291,1,0
BRDA:62,1292,0,0
BRDA:62,1292,1,0
BRDA:62,1293,0,0
BRDA:62,1293,1,0
BRDA:62,1294,0,0
BRDA:62,1294,1,0
BRDA:62,1295,0,0
BRDA:62,1295,1,0
BRDA:62,1296,0,0
BRDA:62,1296,1,0
BRDA:62,1297,0,0
BRDA:62,1297,1,0
BRDA:62,1298,0,0
BRDA:62,1298,1,0
BRDA:62,1299,0,0
BRDA:62,1299,1,0
BRDA:62,1300,0,0
BRDA:62,1300,1,0
BRDA:62,1301,0,0
BRDA:62,1301,1,0
BRDA:62,1301,2,0
BRDA:62,1302,0,0
BRDA:62,1302,1,0
BRDA:69,1303,0,0
BRDA:69,1303,1,0
BRDA:69,1304,0,0
BRDA:69,1304,1,0
BRDA:69,1305,0,0
BRDA:69,1305,1,0
BRDA:69,1306,0,0
BRDA:69,1306,1,0
BRDA:69,1306,2,0
BRDA:69,1306,3,0
BRDA:69,1306,4,0
BRDA:69,1306,5,0
BRDA:69,1306,6,0
BRDA:69,1307,0,0
BRDA:69,1307,1,0
BRDA:69,1308,0,11
BRDA:69,1309,0,11
BRDA:69,1309,1,0
BRDA:69,1310,0,11
BRDA:69,1310,1,0
BRDA:69,1311,0,0
BRDA:69,1311,1,0
BRDA:69,1312,0,11
BRDA:69,1312,1,0
BRDA:69,1313,0,0
BRDA:69,1313,1,76
BRDA:69,1314,0,76
BRDA:69,1314,1,76
BRDA:69,1315,0,0
BRDA:69,1316,0,0
BRDA:69,1316,1,0
BRDA:69,1317,0,0
BRDA:69,1317,1,0
BRDA:69,1318,0,0
BRDA:69,1318,1,0
BRDA:69,1319,0,0
BRDA:69,1319,1,0
BRDA:69,1320,0,0
BRDA:69,1320,1,0
BRDA:69,1321,0,0
BRDA:69,1321,1,0
BRDA:69,1321,2,0
BRDA:69,1322,0,5
BRDA:69,1322,1,6
BRDA:69,1323,0,11
BRDA:69,1323,1,8
BRDA:69,1324,0,6
BRDA:69,1324,1,6
BRDA:69,1325,0,6
BRDA:69,1325,1,6
BRDA:69,1326,0,9
BRDA:69,1326,1,20
BRDA:69,1327,0,29
BRDA:69,1327,1,9
BRDA:69,1328,0,6
BRDA:69,1328,1,5
BRDA:69,1329,0,6
BRDA:69,1329,1,6
BRDA:69,1330,0,6
BRDA:69,1330,1,6
BRDA:69,1331,0,6
BRDA:69,1331,1,0
BRDA:69,1332,0,0
BRDA:69,1332,1,5
BRDA:69,1333,0,0
BRDA:69,1333,1,0
BRDA:69,1334,0,0
BRDA:69,1334,1,0
BRDA:69,1335,0,0
BRDA:69,1335,1,0
BRDA:69,1336,0,0
BRDA:69,1336,1,0
BRDA:69,1336,2,0
BRDA:69,1336,3,0
BRDA:69,1336,4,0
BRDA:69,1336,5,0
BRDA:69,1336,6,0
BRDA:69,1336,7,0
BRDA:69,1336,8,0
BRDA:69,1336,9,0
BRDA:69,1336,10,0
BRDA:69,1336,11,0
BRDA:69,1336,12,0
BRDA:69,1337,0,0
BRDA:69,1337,1,0
BRDA:69,1338,0,0
BRDA:69,1338,1,11
BRDA:69,1339,0,0
BRDA:69,1339,1,11
BRDA:69,1340,0,0
BRDA:69,1340,1,0
BRDA:69,1341,0,0
BRDA:69,1341,1,11
BRDA:69,1342,0,0
BRDA:69,1342,1,0
BRDA:69,1343,0,0
BRDA:69,1343,1,0
BRDA:69,1344,0,0
BRDA:69,1344,1,8
BRDA:69,1345,0,3
BRDA:69,1345,1,3
BRDA:69,1346,0,0
BRDA:69,1346,1,3
BRDA:69,1347,0,0
BRDA:69,1347,1,3
BRDA:69,1348,0,3
BRDA:69,1348,1,3
BRDA:69,1349,0,3
BRDA:69,1349,1,0
BRDA:69,1350,0,3
BRDA:69,1350,1,3
BRDA:69,1351,0,3
BRDA:69,1351,1,0
BRDA:69,1352,0,0
BRDA:69,1352,1,0
BRDA:69,1353,0,0
BRDA:69,1353,1,0
BRDA:69,1354,0,0
BRDA:69,1354,1,0
BRDA:69,1355,0,0
BRDA:69,1355,1,0
BRDA:69,1356,0,3
BRDA:69,1356,1,0
BRDA:69,1357,0,3
BRDA:69,1357,1,3
BRDA:69,1358,0,0
BRDA:69,1358,1,8
BRDA:69,1359,0,8
BRDA:69,1359,1,8
BRDA:69,1360,0,8
BRDA:69,1360,1,0
BRDA:69,1361,0,0
BRDA:69,1361,1,0
BRDA:69,1362,0,0
BRDA:69,1362,1,8
BRDA:69,1363,0,0
BRDA:69,1363,1,8
BRDA:69,1364,0,0
BRDA:69,1364,1,0
BRDA:69,1365,0,0
BRDA:69,1365,1,0
BRDA:69,1366,0,0
BRDA:69,1366,1,0
BRDA:69,1367,0,3
BRDA:69,1367,1,0
BRDA:69,1367,2,0
BRDA:69,1368,0,3
BRDA:69,1368,1,3
BRDA:69,1369,0,0
BRDA:69,1369,1,0
BRDA:69,1370,0,0
BRDA:69,1370,1,0
BRDA:70,1371,0,0
BRDA:70,1371,1,0
BRDA:70,1372,0,0
BRDA:70,1372,1,0
BRDA:70,1373,0,0
BRDA:70,1373,1,0
BRDA:70,1374,0,0
BRDA:70,1374,1,0
BRDA:70,1375,0,0
BRDA:70,1375,1,0
BRDA:70,1376,0,0
BRDA:70,1376,1,0
BRDA:70,1377,0,0
BRDA:70,1377,1,0
BRDA:70,1378,0,0
BRDA:70,1378,1,0
BRDA:70,1379,0,0
BRDA:70,1379,1,0
BRDA:70,1380,0,0
BRDA:70,1380,1,0
BRDA:70,1381,0,0
BRDA:70,1381,1,0
BRDA:70,1382,0,0
BRDA:70,1382,1,0
BRDA:70,1383,0,0
BRDA:70,1383,1,0
BRDA:70,1384,0,0
BRDA:70,1384,1,0
BRDA:70,1385,0,0
BRDA:70,1385,1,0
BRDA:70,1386,0,0
BRDA:70,1386,1,0
BRDA:70,1387,0,0
BRDA:70,1387,1,0
BRDA:70,1388,0,0
BRDA:70,1388,1,0
BRDA:70,1389,0,0
BRDA:70,1389,1,0
BRDA:70,1390,0,0
BRDA:70,1390,1,0
BRDA:70,1391,0,0
BRDA:70,1391,1,0
BRDA:70,1392,0,0
BRDA:70,1392,1,0
BRDA:70,1393,0,0
BRDA:70,1393,1,0
BRDA:70,1394,0,0
BRDA:70,1394,1,0
BRDA:70,1395,0,0
BRDA:70,1395,1,0
BRDA:70,1396,0,0
BRDA:70,1396,1,0
BRDA:70,1397,0,0
BRDA:70,1397,1,0
BRDA:70,1398,0,0
BRDA:70,1398,1,0
BRDA:70,1399,0,0
BRDA:70,1399,1,0
BRDA:70,1400,0,0
BRDA:70,1400,1,0
BRDA:70,1401,0,0
BRDA:70,1401,1,0
BRDA:70,1402,0,0
BRDA:70,1402,1,0
BRDA:70,1403,0,0
BRDA:70,1403,1,2
BRDA:70,1404,0,2
BRDA:70,1404,1,2
BRDA:70,1405,0,0
BRDA:70,1405,1,2
BRDA:70,1406,0,2
BRDA:70,1406,1,0
BRDA:70,1407,0,0
BRDA:70,1407,1,2
BRDA:70,1408,0,0
BRDA:70,1408,1,0
BRDA:70,1409,0,0
BRDA:70,1409,1,0
BRDA:70,1410,0,0
BRDA:70,1410,1,0
BRDA:70,1411,0,0
BRDA:70,1411,1,0
BRDA:70,1412,0,0
BRDA:70,1412,1,0
BRDA:70,1413,0,0
BRDA:70,1413,1,0
BRDA:70,1414,0,0
BRDA:70,1414,1,0
BRDA:70,1415,0,0
BRDA:70,1415,1,0
BRDA:70,1416,0,0
BRDA:70,1416,1,0
BRDA:70,1416,2,0
BRDA:70,1416,3,0
BRDA:74,1417,0,0
BRDA:74,1417,1,0
BRDA:74,1418,0,0
BRDA:74,1418,1,0
BRDA:74,1419,0,0
BRDA:74,1419,1,0
BRDA:74,1420,0,0
BRDA:74,1420,1,0
BRDA:74,1421,0,0
BRDA:74,1421,1,0
BRDA:74,1422,0,0
BRDA:74,1422,1,0
BRDA:74,1423,0,0
BRDA:74,1423,1,0
BRDA:74,1424,0,0
BRDA:74,1424,1,0
BRDA:74,1425,0,2
BRDA:74,1425,1,2
BRDA:74,1426,0,0
BRDA:74,1426,1,0
BRDA:74,1427,0,0
BRDA:74,1427,1,0
BRDA:74,1428,0,0
BRDA:74,1428,1,0
BRDA:74,1429,0,0
BRDA:74,1429,1,0
BRDA:74,1430,0,0
BRDA:74,1430,1,0
BRDA:74,1430,2,0
BRDA:74,1430,3,0
BRDA:74,1431,0,0
BRDA:74,1431,1,0
BRDA:74,1432,0,0
BRDA:74,1432,1,0
BRDA:74,1433,0,0
BRDA:74,1433,1,0
BRDA:74,1434,0,0
BRDA:74,1434,1,2
BRDA:74,1435,0,2
BRDA:74,1435,1,2
BRDA:74,1436,0,2
BRDA:74,1436,1,0
BRDA:74,1437,0,2
BRDA:74,1437,1,0
BRDA:74,1438,0,2
BRDA:74,1438,1,0
BRDA:74,1439,0,2
BRDA:74,1439,1,0
BRDA:74,1440,0,0
BRDA:74,1440,1,2
BRDA:74,1441,0,2
BRDA:74,1441,1,0
BRDA:74,1442,0,2
BRDA:74,1442,1,2
BRDA:74,1443,0,0
BRDA:74,1443,1,2
BRDA:74,1444,0,2
BRDA:74,1444,1,0
BRDA:74,1445,0,0
BRDA:74,1445,1,2
BRDA:74,1446,0,0
BRDA:74,1446,1,2
BRDA:74,1447,0,0
BRDA:74,1447,1,2
BRDA:74,1448,0,2
BRDA:74,1448,1,0
BRDA:74,1449,0,2
BRDA:74,1449,1,0
BRDA:74,1450,0,0
BRDA:74,1450,1,0
BRDA:74,1451,0,0
BRDA:74,1451,1,0
BRDA:74,1452,0,2
BRDA:74,1452,1,2
BRDA:74,1453,0,2
BRDA:74,1453,1,2
BRDA:74,1454,0,0
BRDA:74,1454,1,0
BRDA:79,1455,0,0
BRDA:79,1455,1,0
BRDA:79,1456,0,0
BRDA:79,1456,1,0
BRDA:79,1457,0,0
BRDA:79,1457,1,0
BRDA:79,1458,0,0
BRDA:79,1458,1,0
BRDA:79,1459,0,0
BRDA:79,1459,1,0
BRDA:79,1460,0,0
BRDA:79,1460,1,0
BRDA:79,1461,0,0
BRDA:79,1461,1,0
BRDA:79,1462,0,0
BRDA:79,1462,1,0
BRDA:79,1463,0,0
BRDA:79,1463,1,0
BRDA:79,1464,0,0
BRDA:79,1464,1,0
BRDA:79,1465,0,0
BRDA:79,1465,1,0
BRDA:79,1466,0,0
BRDA:79,1466,1,0
BRDA:79,1467,0,0
BRDA:79,1467,1,0
BRDA:79,1468,0,0
BRDA:79,1468,1,0
BRDA:79,1469,0,0
BRDA:79,1469,1,0
BRDA:79,1470,0,0
BRDA:79,1470,1,0
BRDA:79,1471,0,0
BRDA:79,1471,1,0
BRDA:79,1472,0,0
BRDA:79,1473,0,0
BRDA:79,1473,1,0
BRDA:79,1474,0,0
BRDA:79,1474,1,0
BRDA:79,1475,0,0
BRDA:79,1475,1,0
BRDA:79,1476,0,0
BRDA:79,1476,1,0
BRDA:79,1477,0,0
BRDA:79,1477,1,0
BRDA:79,1478,0,0
BRDA:79,1478,1,0
BRDA:79,1479,0,0
BRDA:79,1479,1,0
BRDA:79,1480,0,0
BRDA:79,1480,1,0
BRDA:79,1481,0,0
BRDA:79,1481,1,0
BRDA:79,1482,0,0
BRDA:79,1482,1,0
BRDA:79,1483,0,0
BRDA:79,1483,1,0
BRDA:79,1484,0,0
BRDA:79,1484,1,0
BRDA:79,1485,0,0
BRDA:79,1485,1,0
BRDA:79,1486,0,0
BRDA:79,1486,1,0
BRDA:79,1487,0,0
BRDA:79,1487,1,0
BRDA:79,1488,0,0
BRDA:79,1488,1,0
BRDA:79,1489,0,11
BRDA:79,1489,1,11
BRDA:79,1490,0,11
BRDA:79,1490,1,0
BRDA:79,1491,0,11
BRDA:79,1491,1,10
BRDA:79,1492,0,11
BRDA:79,1492,1,0
BRDA:79,1492,2,0
BRDA:79,1493,0,0
BRDA:79,1493,1,8
BRDA:79,1494,0,0
BRDA:79,1494,1,11
BRDA:79,1495,0,11
BRDA:79,1495,1,0
BRDA:80,1496,0,11
BRDA:80,1496,1,0
BRDA:80,1497,0,0
BRDA:80,1497,1,0
BRDA:80,1498,0,0
BRDA:80,1498,1,0
BRDA:80,1499,0,0
BRDA:80,1499,1,0
BRDA:80,1500,0,0
BRDA:80,1500,1,0
BRDA:80,1501,0,0
BRDA:80,1501,1,0
BRDA:80,1502,0,0
BRDA:80,1502,1,0
BRDA:80,1503,0,0
BRDA:80,1503,1,0
BRDA:80,1504,0,0
BRDA:80,1504,1,0
BRDA:80,1505,0,2
BRDA:80,1505,1,0
BRF:3376
BRH:729
end_of_record
TN:
SF:src/middleware/authenticateUser.js
FN:10,authenticateUser
FNF:1
FNH:1
FNDA:4,authenticateUser
DA:11,4
DA:12,4
DA:13,4
DA:14,4
DA:15,0
DA:17,4
DA:18,4
DA:19,4
DA:20,4
DA:21,4
DA:23,0
DA:24,0
LF:12
LH:9
BRDA:14,0,0,0
BRDA:14,0,1,4
BRDA:14,1,0,4
BRDA:14,1,1,4
BRF:4
BRH:3
end_of_record
TN:
SF:src/middleware/authorValidator.js
FNF:0
FNH:0
DA:3,2
LF:1
LH:1
BRF:0
BRH:0
end_of_record
TN:
SF:src/middleware/authorizeOwnership.js
FN:2,authorizeOwnership
FNF:1
FNH:0
FNDA:0,authorizeOwnership
DA:3,0
DA:4,0
DA:5,0
DA:6,0
DA:7,0
DA:8,0
DA:10,0
LF:7
LH:0
BRDA:5,0,0,0
BRDA:5,0,1,0
BRF:2
BRH:0
end_of_record
TN:
SF:src/middleware/authorizeRole.js
FN:1,authorizeRoles
FN:2,(anonymous_1)
FNF:2
FNH:2
FNDA:20,authorizeRoles
FNDA:4,(anonymous_1)
DA:2,20
DA:3,4
DA:4,0
DA:5,0
DA:6,0
DA:8,4
LF:6
LH:3
BRDA:3,0,0,0
BRDA:3,0,1,4
BRF:2
BRH:1
end_of_record
TN:
SF:src/middleware/bookValidator.js
FNF:0
FNH:0
DA:4,2
DA:35,2
LF:2
LH:2
BRF:0
BRH:0
end_of_record
TN:
SF:src/middleware/handleValidationErrors.js
FN:3,handleValidationErrors
FN:8,(anonymous_1)
FNF:2
FNH:2
FNDA:18,handleValidationErrors
FNDA:7,(anonymous_1)
DA:4,18
DA:5,18
DA:6,5
DA:8,7
DA:10,13
LF:5
LH:5
BRDA:5,0,0,5
BRDA:5,0,1,13
BRF:2
BRH:2
end_of_record
TN:
SF:src/middleware/userValidators.js
FNF:0
FNH:0
DA:3,2
DA:31,2
DA:45,2
DA:53,2
DA:56,2
LF:5
LH:5
BRF:0
BRH:0
end_of_record
TN:
SF:src/repositories/authorRepo.js
FN:3,handlePrismaError
FN:17,createAuthor
FN:25,getAuthorById
FN:36,getAllAuthors
FN:40,getAuthorBooks
FN:52,updateAuthor
FN:60,deleteAuthor
FNF:7
FNH:5
FNDA:2,handlePrismaError
FNDA:0,createAuthor
FNDA:2,getAuthorById
FNDA:1,getAllAuthors
FNDA:1,getAuthorBooks
FNDA:2,updateAuthor
FNDA:0,deleteAuthor
DA:4,2
DA:6,2
DA:7,2
DA:8,2
DA:11,0
DA:12,0
DA:18,0
DA:19,0
DA:20,0
DA:22,0
DA:26,2
DA:27,2
DA:31,1
DA:33,1
DA:37,1
DA:38,1
DA:41,1
DA:42,1
DA:47,1
DA:49,0
DA:53,2
DA:54,2
DA:55,1
DA:57,1
DA:61,0
DA:62,0
DA:63,0
DA:65,0
LF:28
LH:17
BRDA:4,0,0,2
BRDA:4,0,1,0
BRF:2
BRH:1
end_of_record
TN:
SF:src/repositories/bookRepo.js
FN:2,handlePrismaError
FN:19,getBookById
FN:27,getAllBooks
FN:31,createBook
FN:39,updateBook
FN:47,deleteBook
FN:54,getBookReviews
FNF:7
FNH:0
FNDA:0,handlePrismaError
FNDA:0,getBookById
FNDA:0,getAllBooks
FNDA:0,createBook
FNDA:0,updateBook
FNDA:0,deleteBook
FNDA:0,getBookReviews
DA:3,0
DA:5,0
DA:6,0
DA:7,0
DA:10,0
DA:11,0
DA:12,0
DA:15,0
DA:20,0
DA:21,0
DA:22,0
DA:24,0
DA:28,0
DA:29,0
DA:32,0
DA:33,0
DA:34,0
DA:36,0
DA:40,0
DA:41,0
DA:42,0
DA:44,0
DA:48,0
DA:49,0
DA:51,0
DA:55,0
DA:56,0
DA:60,0
DA:62,0
LF:29
LH:0
BRDA:3,0,0,0
BRDA:3,0,1,0
BRDA:3,0,2,0
BRF:3
BRH:0
end_of_record
TN:
SF:src/repositories/reviewRepo.js
FN:2,handlePrismaError
FN:19,createReview
FN:27,getReviewById
FN:35,getAllReviews
FN:39,updateReview
FN:47,deleteReview
FNF:6
FNH:0
FNDA:0,handlePrismaError
FNDA:0,createReview
FNDA:0,getReviewById
FNDA:0,getAllReviews
FNDA:0,updateReview
FNDA:0,deleteReview
DA:3,0
DA:5,0
DA:6,0
DA:7,0
DA:10,0
DA:11,0
DA:12,0
DA:15,0
DA:20,0
DA:21,0
DA:22,0
DA:24,0
DA:28,0
DA:29,0
DA:30,0
DA:32,0
DA:36,0
DA:37,0
DA:40,0
DA:41,0
DA:42,0
DA:44,0
DA:48,0
DA:49,0
DA:51,0
LF:25
LH:0
BRDA:3,0,0,0
BRDA:3,0,1,0
BRDA:3,0,2,0
BRF:3
BRH:0
end_of_record
TN:
SF:src/repositories/userRepo.js
FN:3,handlePrismaError
FN:21,createUser
FN:33,getUserById
FN:44,getUserByEmail
FN:54,getAllUsers
FN:62,updateUser
FN:74,updateUserRole
FN:90,deleteUser
FNF:8
FNH:3
FNDA:1,handlePrismaError
FNDA:2,createUser
FNDA:0,getUserById
FNDA:3,getUserByEmail
FNDA:0,getAllUsers
FNDA:0,updateUser
FNDA:0,updateUserRole
FNDA:0,deleteUser
DA:4,1
DA:6,0
DA:7,0
DA:8,0
DA:11,1
DA:12,1
DA:13,1
DA:16,0
DA:22,2
DA:23,2
DA:27,1
DA:29,1
DA:34,0
DA:35,0
DA:39,0
DA:41,0
DA:45,3
DA:46,3
DA:49,3
DA:51,0
DA:55,0
DA:56,0
DA:63,0
DA:64,0
DA:69,0
DA:71,0
DA:75,0
DA:76,0
DA:85,0
DA:87,0
DA:91,0
DA:92,0
DA:94,0
LF:33
LH:11
BRDA:4,0,0,0
BRDA:4,0,1,1
BRDA:4,0,2,0
BRF:3
BRH:1
end_of_record
TN:
SF:src/routes/authenticationRoutes.js
FNF:0
FNH:0
DA:4,2
DA:11,2
DA:18,2
LF:3
LH:3
BRF:0
BRH:0
end_of_record
TN:
SF:src/routes/authorRoutes.js
FNF:0
FNH:0
DA:8,2
DA:14,2
DA:20,2
DA:22,2
DA:31,2
DA:46,2
DA:62,2
LF:7
LH:7
BRF:0
BRH:0
end_of_record
TN:
SF:src/routes/bookRoutes.js
FNF:0
FNH:0
DA:11,2
DA:13,2
DA:14,2
DA:15,2
DA:16,2
DA:23,2
DA:31,2
LF:7
LH:7
BRF:0
BRH:0
end_of_record
TN:
SF:src/routes/reviewRoutes.js
FNF:0
FNH:0
DA:7,2
DA:12,2
DA:19,2
DA:27,2
DA:36,2
DA:43,2
LF:6
LH:6
BRF:0
BRH:0
end_of_record
TN:
SF:src/routes/userRoutes.js
FNF:0
FNH:0
DA:12,2
DA:20,2
DA:26,2
DA:37,2
DA:49,2
DA:63,2
DA:72,2
LF:7
LH:7
BRF:0
BRH:0
end_of_record
TN:
SF:src/services/authService.js
FN:4,signUp
FN:10,logIn
FNF:2
FNH:2
FNDA:2,signUp
FNDA:3,logIn
DA:5,2
DA:6,2
DA:7,1
DA:11,3
DA:12,3
DA:13,3
DA:14,3
DA:15,3
DA:16,3
DA:18,2
DA:19,2
DA:21,2
DA:25,2
LF:13
LH:13
BRDA:16,0,0,1
BRDA:16,0,1,2
BRDA:19,1,0,0
BRDA:19,1,1,2
BRF:4
BRH:3
end_of_record
TN:
SF:src/services/authorService.js
FN:2,deleteAuthor
FN:5,updateAuthor
FN:9,createAuthor
FN:13,getAllAuthors
FN:17,getAuthorById
FN:22,getAuthorBooks
FNF:6
FNH:4
FNDA:0,deleteAuthor
FNDA:2,updateAuthor
FNDA:0,createAuthor
FNDA:1,getAllAuthors
FNDA:2,getAuthorById
FNDA:1,getAuthorBooks
DA:3,0
DA:6,2
DA:7,1
DA:10,0
DA:11,0
DA:14,1
DA:15,1
DA:18,2
DA:19,1
DA:23,1
DA:24,1
LF:11
LH:8
BRF:0
BRH:0
end_of_record
TN:
SF:src/services/bookService.js
FN:3,getBookById
FN:7,getAllBooks
FN:11,createBook
FN:15,updateBook
FN:19,deleteBook
FN:22,getBookReviews
FNF:6
FNH:0
FNDA:0,getBookById
FNDA:0,getAllBooks
FNDA:0,createBook
FNDA:0,updateBook
FNDA:0,deleteBook
FNDA:0,getBookReviews
DA:4,0
DA:5,0
DA:8,0
DA:9,0
DA:12,0
DA:13,0
DA:16,0
DA:17,0
DA:20,0
DA:23,0
DA:24,0
LF:11
LH:0
BRF:0
BRH:0
end_of_record
TN:
SF:src/services/reviewService.js
FN:3,getAllReviews
FN:7,getReviewById
FN:11,createReview
FN:15,updateReview
FN:19,deleteReview
FNF:5
FNH:0
FNDA:0,getAllReviews
FNDA:0,getReviewById
FNDA:0,createReview
FNDA:0,updateReview
FNDA:0,deleteReview
DA:4,0
DA:5,0
DA:8,0
DA:9,0
DA:12,0
DA:13,0
DA:16,0
DA:17,0
DA:20,0
LF:9
LH:0
BRF:0
BRH:0
end_of_record
TN:
SF:src/services/userService.js
FN:3,getUserById
FN:7,updateUser
FN:11,getAllUsers
FN:15,updateUserRole
FN:19,deleteUser
FNF:5
FNH:0
FNDA:0,getUserById
FNDA:0,updateUser
FNDA:0,getAllUsers
FNDA:0,updateUserRole
FNDA:0,deleteUser
DA:4,0
DA:5,0
DA:8,0
DA:9,0
DA:12,0
DA:13,0
DA:16,0
DA:17,0
DA:20,0
LF:9
LH:0
BRF:0
BRH:0
end_of_record
